{"/Users/zmorek/workspace/ZachBeta/slopcore_yaj_rpg/web/src/index.ts": {"path":"/Users/zmorek/workspace/ZachBeta/slopcore_yaj_rpg/web/src/index.ts","statementMap":{"0":{"start":{"line":1,"column":0},"end":{"line":1,"column":61}},"1":{"start":{"line":11,"column":32},"end":{"line":11,"column":36}},"2":{"start":{"line":16,"column":2},"end":{"line":16,"column":18}},"3":{"start":{"line":19,"column":21},"end":{"line":19,"column":56}},"4":{"start":{"line":20,"column":2},"end":{"line":20,"column":38}},"5":{"start":{"line":23,"column":2},"end":{"line":23,"column":20}},"6":{"start":{"line":26,"column":2},"end":{"line":26,"column":124}},"7":{"start":{"line":27,"column":2},"end":{"line":27,"column":106}},"8":{"start":{"line":30,"column":2},"end":{"line":30,"column":18}},"9":{"start":{"line":31,"column":2},"end":{"line":31,"column":104}},"10":{"start":{"line":32,"column":2},"end":{"line":32,"column":93}},"11":{"start":{"line":33,"column":2},"end":{"line":33,"column":74}},"12":{"start":{"line":37,"column":0},"end":{"line":43,"column":2}},"13":{"start":{"line":38,"column":2},"end":{"line":42,"column":3}},"14":{"start":{"line":39,"column":4},"end":{"line":39,"column":33}},"15":{"start":{"line":41,"column":4},"end":{"line":41,"column":106}},"16":{"start":{"line":46,"column":0},"end":{"line":117,"column":3}},"17":{"start":{"line":48,"column":22},"end":{"line":48,"column":59}},"18":{"start":{"line":49,"column":2},"end":{"line":63,"column":3}},"19":{"start":{"line":50,"column":4},"end":{"line":62,"column":7}},"20":{"start":{"line":52,"column":28},"end":{"line":52,"column":69}},"21":{"start":{"line":53,"column":6},"end":{"line":55,"column":7}},"22":{"start":{"line":54,"column":8},"end":{"line":54,"column":45}},"23":{"start":{"line":58,"column":6},"end":{"line":58,"column":23}},"24":{"start":{"line":61,"column":6},"end":{"line":61,"column":31}},"25":{"start":{"line":66,"column":21},"end":{"line":66,"column":53}},"26":{"start":{"line":67,"column":2},"end":{"line":67,"column":31}},"27":{"start":{"line":68,"column":2},"end":{"line":68,"column":30}},"28":{"start":{"line":69,"column":2},"end":{"line":69,"column":39}},"29":{"start":{"line":70,"column":2},"end":{"line":70,"column":47}},"30":{"start":{"line":73,"column":2},"end":{"line":75,"column":3}},"31":{"start":{"line":74,"column":4},"end":{"line":74,"column":77}},"32":{"start":{"line":78,"column":2},"end":{"line":101,"column":5}},"33":{"start":{"line":80,"column":26},"end":{"line":80,"column":67}},"34":{"start":{"line":81,"column":4},"end":{"line":83,"column":5}},"35":{"start":{"line":82,"column":6},"end":{"line":82,"column":43}},"36":{"start":{"line":86,"column":4},"end":{"line":86,"column":21}},"37":{"start":{"line":89,"column":4},"end":{"line":89,"column":29}},"38":{"start":{"line":92,"column":4},"end":{"line":100,"column":13}},"39":{"start":{"line":94,"column":6},"end":{"line":99,"column":7}},"40":{"start":{"line":95,"column":25},"end":{"line":95,"column":43}},"41":{"start":{"line":96,"column":8},"end":{"line":98,"column":9}},"42":{"start":{"line":97,"column":10},"end":{"line":97,"column":35}},"43":{"start":{"line":104,"column":24},"end":{"line":104,"column":58}},"44":{"start":{"line":105,"column":2},"end":{"line":109,"column":3}},"45":{"start":{"line":106,"column":4},"end":{"line":108,"column":7}},"46":{"start":{"line":107,"column":6},"end":{"line":107,"column":48}},"47":{"start":{"line":111,"column":22},"end":{"line":111,"column":54}},"48":{"start":{"line":112,"column":2},"end":{"line":116,"column":3}},"49":{"start":{"line":113,"column":4},"end":{"line":115,"column":7}},"50":{"start":{"line":114,"column":6},"end":{"line":114,"column":161}},"51":{"start":{"line":121,"column":20},"end":{"line":121,"column":49}},"52":{"start":{"line":122,"column":2},"end":{"line":122,"column":37}},"53":{"start":{"line":123,"column":2},"end":{"line":123,"column":35}},"54":{"start":{"line":124,"column":2},"end":{"line":124,"column":43}},"55":{"start":{"line":125,"column":2},"end":{"line":125,"column":37}},"56":{"start":{"line":126,"column":2},"end":{"line":126,"column":36}},"57":{"start":{"line":127,"column":2},"end":{"line":127,"column":39}},"58":{"start":{"line":128,"column":2},"end":{"line":128,"column":43}},"59":{"start":{"line":129,"column":2},"end":{"line":129,"column":33}},"60":{"start":{"line":130,"column":2},"end":{"line":130,"column":40}},"61":{"start":{"line":131,"column":2},"end":{"line":131,"column":62}},"62":{"start":{"line":132,"column":2},"end":{"line":132,"column":37}},"63":{"start":{"line":134,"column":16},"end":{"line":134,"column":44}},"64":{"start":{"line":135,"column":2},"end":{"line":135,"column":62}},"65":{"start":{"line":136,"column":2},"end":{"line":136,"column":32}},"66":{"start":{"line":137,"column":2},"end":{"line":137,"column":61}},"67":{"start":{"line":138,"column":2},"end":{"line":138,"column":32}},"68":{"start":{"line":139,"column":2},"end":{"line":139,"column":36}},"69":{"start":{"line":141,"column":23},"end":{"line":141,"column":50}},"70":{"start":{"line":142,"column":2},"end":{"line":142,"column":39}},"71":{"start":{"line":143,"column":2},"end":{"line":143,"column":40}},"72":{"start":{"line":144,"column":2},"end":{"line":144,"column":43}},"73":{"start":{"line":147,"column":27},"end":{"line":147,"column":93}},"74":{"start":{"line":148,"column":21},"end":{"line":148,"column":53}},"75":{"start":{"line":149,"column":2},"end":{"line":149,"column":37}},"76":{"start":{"line":150,"column":2},"end":{"line":150,"column":37}},"77":{"start":{"line":151,"column":2},"end":{"line":151,"column":43}},"78":{"start":{"line":153,"column":2},"end":{"line":153,"column":39}},"79":{"start":{"line":154,"column":2},"end":{"line":154,"column":57}},"80":{"start":{"line":155,"column":2},"end":{"line":155,"column":57}},"81":{"start":{"line":158,"column":16},"end":{"line":172,"column":4}},"82":{"start":{"line":174,"column":2},"end":{"line":193,"column":3}},"83":{"start":{"line":174,"column":15},"end":{"line":174,"column":16}},"84":{"start":{"line":175,"column":4},"end":{"line":192,"column":5}},"85":{"start":{"line":176,"column":21},"end":{"line":176,"column":53}},"86":{"start":{"line":177,"column":6},"end":{"line":177,"column":50}},"87":{"start":{"line":177,"column":19},"end":{"line":177,"column":50}},"88":{"start":{"line":178,"column":6},"end":{"line":178,"column":36}},"89":{"start":{"line":179,"column":6},"end":{"line":179,"column":39}},"90":{"start":{"line":180,"column":11},"end":{"line":192,"column":5}},"91":{"start":{"line":181,"column":6},"end":{"line":181,"column":66}},"92":{"start":{"line":182,"column":6},"end":{"line":182,"column":61}},"93":{"start":{"line":183,"column":11},"end":{"line":192,"column":5}},"94":{"start":{"line":184,"column":19},"end":{"line":184,"column":49}},"95":{"start":{"line":185,"column":6},"end":{"line":185,"column":37}},"96":{"start":{"line":186,"column":6},"end":{"line":186,"column":37}},"97":{"start":{"line":187,"column":6},"end":{"line":187,"column":38}},"98":{"start":{"line":188,"column":6},"end":{"line":188,"column":34}},"99":{"start":{"line":189,"column":6},"end":{"line":189,"column":37}},"100":{"start":{"line":191,"column":6},"end":{"line":191,"column":66}},"101":{"start":{"line":195,"column":19},"end":{"line":195,"column":48}},"102":{"start":{"line":196,"column":2},"end":{"line":196,"column":36}},"103":{"start":{"line":197,"column":2},"end":{"line":197,"column":36}},"104":{"start":{"line":198,"column":2},"end":{"line":198,"column":42}},"105":{"start":{"line":199,"column":2},"end":{"line":199,"column":34}},"106":{"start":{"line":200,"column":2},"end":{"line":200,"column":38}},"107":{"start":{"line":201,"column":2},"end":{"line":201,"column":35}},"108":{"start":{"line":202,"column":2},"end":{"line":202,"column":36}},"109":{"start":{"line":205,"column":24},"end":{"line":205,"column":56}},"110":{"start":{"line":206,"column":2},"end":{"line":206,"column":40}},"111":{"start":{"line":207,"column":2},"end":{"line":207,"column":40}},"112":{"start":{"line":208,"column":2},"end":{"line":208,"column":50}},"113":{"start":{"line":209,"column":2},"end":{"line":209,"column":38}},"114":{"start":{"line":210,"column":2},"end":{"line":210,"column":53}},"115":{"start":{"line":213,"column":26},"end":{"line":218,"column":4}},"116":{"start":{"line":220,"column":2},"end":{"line":232,"column":5}},"117":{"start":{"line":221,"column":17},"end":{"line":221,"column":47}},"118":{"start":{"line":222,"column":4},"end":{"line":222,"column":33}},"119":{"start":{"line":223,"column":4},"end":{"line":223,"column":33}},"120":{"start":{"line":224,"column":4},"end":{"line":224,"column":35}},"121":{"start":{"line":225,"column":4},"end":{"line":225,"column":31}},"122":{"start":{"line":226,"column":4},"end":{"line":226,"column":36}},"123":{"start":{"line":227,"column":4},"end":{"line":227,"column":35}},"124":{"start":{"line":229,"column":4},"end":{"line":229,"column":31}},"125":{"start":{"line":230,"column":4},"end":{"line":230,"column":64}},"126":{"start":{"line":231,"column":4},"end":{"line":231,"column":55}},"127":{"start":{"line":235,"column":24},"end":{"line":235,"column":56}},"128":{"start":{"line":236,"column":2},"end":{"line":236,"column":61}},"129":{"start":{"line":237,"column":2},"end":{"line":237,"column":50}},"130":{"start":{"line":238,"column":2},"end":{"line":238,"column":38}},"131":{"start":{"line":239,"column":2},"end":{"line":239,"column":38}},"132":{"start":{"line":240,"column":2},"end":{"line":240,"column":44}},"133":{"start":{"line":241,"column":2},"end":{"line":241,"column":43}},"134":{"start":{"line":242,"column":2},"end":{"line":242,"column":41}},"135":{"start":{"line":243,"column":2},"end":{"line":243,"column":40}},"136":{"start":{"line":244,"column":2},"end":{"line":244,"column":41}},"137":{"start":{"line":245,"column":2},"end":{"line":245,"column":42}},"138":{"start":{"line":246,"column":2},"end":{"line":246,"column":119}},"139":{"start":{"line":246,"column":32},"end":{"line":246,"column":119}},"140":{"start":{"line":248,"column":2},"end":{"line":248,"column":31}},"141":{"start":{"line":249,"column":2},"end":{"line":249,"column":38}},"142":{"start":{"line":250,"column":2},"end":{"line":250,"column":34}},"143":{"start":{"line":251,"column":2},"end":{"line":251,"column":39}},"144":{"start":{"line":253,"column":2},"end":{"line":253,"column":39}}},"fnMap":{"0":{"name":"initializeGame","decl":{"start":{"line":14,"column":9},"end":{"line":14,"column":23}},"loc":{"start":{"line":14,"column":23},"end":{"line":34,"column":1}}},"1":{"name":"(anonymous_1)","decl":{"start":{"line":37,"column":24},"end":{"line":37,"column":33}},"loc":{"start":{"line":37,"column":48},"end":{"line":43,"column":1}}},"2":{"name":"(anonymous_2)","decl":{"start":{"line":46,"column":46},"end":{"line":46,"column":null}},"loc":{"start":{"line":46,"column":46},"end":{"line":117,"column":1}}},"3":{"name":"(anonymous_3)","decl":{"start":{"line":50,"column":42},"end":{"line":50,"column":null}},"loc":{"start":{"line":50,"column":42},"end":{"line":62,"column":5}}},"4":{"name":"(anonymous_4)","decl":{"start":{"line":78,"column":39},"end":{"line":78,"column":null}},"loc":{"start":{"line":78,"column":39},"end":{"line":101,"column":3}}},"5":{"name":"(anonymous_5)","decl":{"start":{"line":92,"column":15},"end":{"line":92,"column":null}},"loc":{"start":{"line":92,"column":15},"end":{"line":100,"column":5}}},"6":{"name":"(anonymous_6)","decl":{"start":{"line":106,"column":44},"end":{"line":106,"column":null}},"loc":{"start":{"line":106,"column":44},"end":{"line":108,"column":5}}},"7":{"name":"(anonymous_7)","decl":{"start":{"line":113,"column":42},"end":{"line":113,"column":null}},"loc":{"start":{"line":113,"column":42},"end":{"line":115,"column":5}}},"8":{"name":"createGameInstructions","decl":{"start":{"line":120,"column":9},"end":{"line":120,"column":31}},"loc":{"start":{"line":120,"column":31},"end":{"line":254,"column":1}}},"9":{"name":"(anonymous_9)","decl":{"start":{"line":220,"column":26},"end":{"line":220,"column":33}},"loc":{"start":{"line":220,"column":33},"end":{"line":232,"column":3}}},"10":{"name":"(anonymous_10)","decl":{"start":{"line":246,"column":26},"end":{"line":246,"column":32}},"loc":{"start":{"line":246,"column":26},"end":{"line":246,"column":37}}}},"branchMap":{"0":{"loc":{"start":{"line":38,"column":2},"end":{"line":42,"column":3}},"type":"if","locations":[{"start":{"line":38,"column":2},"end":{"line":42,"column":3}},{"start":{"line":40,"column":9},"end":{"line":42,"column":3}}]},"1":{"loc":{"start":{"line":38,"column":6},"end":{"line":38,"column":52}},"type":"binary-expr","locations":[{"start":{"line":38,"column":6},"end":{"line":38,"column":10}},{"start":{"line":38,"column":14},"end":{"line":38,"column":21}},{"start":{"line":38,"column":25},"end":{"line":38,"column":52}}]},"2":{"loc":{"start":{"line":49,"column":2},"end":{"line":63,"column":3}},"type":"if","locations":[{"start":{"line":49,"column":2},"end":{"line":63,"column":3}}]},"3":{"loc":{"start":{"line":53,"column":6},"end":{"line":55,"column":7}},"type":"if","locations":[{"start":{"line":53,"column":6},"end":{"line":55,"column":7}}]},"4":{"loc":{"start":{"line":73,"column":2},"end":{"line":75,"column":3}},"type":"if","locations":[{"start":{"line":73,"column":2},"end":{"line":75,"column":3}}]},"5":{"loc":{"start":{"line":73,"column":6},"end":{"line":73,"column":43}},"type":"binary-expr","locations":[{"start":{"line":73,"column":6},"end":{"line":73,"column":17}},{"start":{"line":73,"column":21},"end":{"line":73,"column":43}}]},"6":{"loc":{"start":{"line":81,"column":4},"end":{"line":83,"column":5}},"type":"if","locations":[{"start":{"line":81,"column":4},"end":{"line":83,"column":5}}]},"7":{"loc":{"start":{"line":94,"column":6},"end":{"line":99,"column":7}},"type":"if","locations":[{"start":{"line":94,"column":6},"end":{"line":99,"column":7}}]},"8":{"loc":{"start":{"line":94,"column":10},"end":{"line":94,"column":76}},"type":"binary-expr","locations":[{"start":{"line":94,"column":10},"end":{"line":94,"column":14}},{"start":{"line":94,"column":18},"end":{"line":94,"column":34}},{"start":{"line":94,"column":38},"end":{"line":94,"column":76}}]},"9":{"loc":{"start":{"line":96,"column":8},"end":{"line":98,"column":9}},"type":"if","locations":[{"start":{"line":96,"column":8},"end":{"line":98,"column":9}}]},"10":{"loc":{"start":{"line":96,"column":12},"end":{"line":96,"column":68}},"type":"binary-expr","locations":[{"start":{"line":96,"column":12},"end":{"line":96,"column":20}},{"start":{"line":96,"column":24},"end":{"line":96,"column":68}}]},"11":{"loc":{"start":{"line":105,"column":2},"end":{"line":109,"column":3}},"type":"if","locations":[{"start":{"line":105,"column":2},"end":{"line":109,"column":3}}]},"12":{"loc":{"start":{"line":112,"column":2},"end":{"line":116,"column":3}},"type":"if","locations":[{"start":{"line":112,"column":2},"end":{"line":116,"column":3}}]},"13":{"loc":{"start":{"line":175,"column":4},"end":{"line":192,"column":5}},"type":"if","locations":[{"start":{"line":175,"column":4},"end":{"line":192,"column":5}},{"start":{"line":180,"column":11},"end":{"line":192,"column":5}}]},"14":{"loc":{"start":{"line":175,"column":8},"end":{"line":175,"column":60}},"type":"binary-expr","locations":[{"start":{"line":175,"column":8},"end":{"line":175,"column":15}},{"start":{"line":175,"column":19},"end":{"line":175,"column":26}},{"start":{"line":175,"column":30},"end":{"line":175,"column":37}},{"start":{"line":175,"column":41},"end":{"line":175,"column":48}},{"start":{"line":175,"column":52},"end":{"line":175,"column":60}}]},"15":{"loc":{"start":{"line":177,"column":6},"end":{"line":177,"column":50}},"type":"if","locations":[{"start":{"line":177,"column":6},"end":{"line":177,"column":50}}]},"16":{"loc":{"start":{"line":180,"column":11},"end":{"line":192,"column":5}},"type":"if","locations":[{"start":{"line":180,"column":11},"end":{"line":192,"column":5}},{"start":{"line":183,"column":11},"end":{"line":192,"column":5}}]},"17":{"loc":{"start":{"line":180,"column":15},"end":{"line":180,"column":57}},"type":"binary-expr","locations":[{"start":{"line":180,"column":15},"end":{"line":180,"column":22}},{"start":{"line":180,"column":26},"end":{"line":180,"column":33}},{"start":{"line":180,"column":37},"end":{"line":180,"column":45}},{"start":{"line":180,"column":49},"end":{"line":180,"column":57}}]},"18":{"loc":{"start":{"line":183,"column":11},"end":{"line":192,"column":5}},"type":"if","locations":[{"start":{"line":183,"column":11},"end":{"line":192,"column":5}},{"start":{"line":190,"column":11},"end":{"line":192,"column":5}}]}},"s":{"0":3,"1":3,"2":0,"3":0,"4":0,"5":0,"6":0,"7":0,"8":0,"9":0,"10":0,"11":0,"12":3,"13":0,"14":0,"15":0,"16":3,"17":3,"18":3,"19":3,"20":0,"21":0,"22":0,"23":0,"24":0,"25":3,"26":3,"27":3,"28":3,"29":3,"30":3,"31":0,"32":3,"33":0,"34":0,"35":0,"36":0,"37":0,"38":0,"39":0,"40":0,"41":0,"42":0,"43":3,"44":3,"45":3,"46":0,"47":3,"48":3,"49":3,"50":0,"51":0,"52":0,"53":0,"54":0,"55":0,"56":0,"57":0,"58":0,"59":0,"60":0,"61":0,"62":0,"63":0,"64":0,"65":0,"66":0,"67":0,"68":0,"69":0,"70":0,"71":0,"72":0,"73":0,"74":0,"75":0,"76":0,"77":0,"78":0,"79":0,"80":0,"81":0,"82":0,"83":0,"84":0,"85":0,"86":0,"87":0,"88":0,"89":0,"90":0,"91":0,"92":0,"93":0,"94":0,"95":0,"96":0,"97":0,"98":0,"99":0,"100":0,"101":0,"102":0,"103":0,"104":0,"105":0,"106":0,"107":0,"108":0,"109":0,"110":0,"111":0,"112":0,"113":0,"114":0,"115":0,"116":0,"117":0,"118":0,"119":0,"120":0,"121":0,"122":0,"123":0,"124":0,"125":0,"126":0,"127":0,"128":0,"129":0,"130":0,"131":0,"132":0,"133":0,"134":0,"135":0,"136":0,"137":0,"138":0,"139":0,"140":0,"141":0,"142":0,"143":0,"144":0},"f":{"0":0,"1":0,"2":3,"3":0,"4":0,"5":0,"6":0,"7":0,"8":0,"9":0,"10":0},"b":{"0":[0,0],"1":[0,0,0],"2":[3],"3":[0],"4":[0],"5":[3,3],"6":[0],"7":[0],"8":[0,0,0],"9":[0],"10":[0,0],"11":[3],"12":[3],"13":[0,0],"14":[0,0,0,0,0],"15":[0],"16":[0,0],"17":[0,0,0,0],"18":[0,0]}}
,"/Users/zmorek/workspace/ZachBeta/slopcore_yaj_rpg/web/src/terminal-game/ai-opponent.ts": {"path":"/Users/zmorek/workspace/ZachBeta/slopcore_yaj_rpg/web/src/terminal-game/ai-opponent.ts","statementMap":{"0":{"start":{"line":17,"column":0},"end":{"line":17,"column":13}},"1":{"start":{"line":26,"column":4},"end":{"line":26,"column":null}},"2":{"start":{"line":29,"column":4},"end":{"line":29,"column":33}},"3":{"start":{"line":30,"column":4},"end":{"line":30,"column":45}},"4":{"start":{"line":31,"column":4},"end":{"line":31,"column":27}},"5":{"start":{"line":32,"column":4},"end":{"line":32,"column":21}},"6":{"start":{"line":33,"column":4},"end":{"line":33,"column":18}},"7":{"start":{"line":36,"column":4},"end":{"line":49,"column":5}},"8":{"start":{"line":38,"column":16},"end":{"line":38,"column":23}},"9":{"start":{"line":39,"column":16},"end":{"line":39,"column":26}},"10":{"start":{"line":40,"column":16},"end":{"line":40,"column":31}},"11":{"start":{"line":41,"column":18},"end":{"line":41,"column":22}},"12":{"start":{"line":43,"column":6},"end":{"line":46,"column":8}},"13":{"start":{"line":44,"column":8},"end":{"line":44,"column":36}},"14":{"start":{"line":45,"column":8},"end":{"line":45,"column":25}},"15":{"start":{"line":48,"column":6},"end":{"line":48,"column":32}},"16":{"start":{"line":55,"column":10},"end":{"line":66,"column":null}},"17":{"start":{"line":56,"column":4},"end":{"line":65,"column":5}},"18":{"start":{"line":58,"column":8},"end":{"line":58,"column":17}},"19":{"start":{"line":60,"column":8},"end":{"line":60,"column":17}},"20":{"start":{"line":62,"column":8},"end":{"line":62,"column":18}},"21":{"start":{"line":64,"column":8},"end":{"line":64,"column":17}},"22":{"start":{"line":72,"column":9},"end":{"line":175,"column":null}},"23":{"start":{"line":79,"column":4},"end":{"line":79,"column":16}},"24":{"start":{"line":80,"column":33},"end":{"line":80,"column":35}},"25":{"start":{"line":81,"column":24},"end":{"line":81,"column":25}},"26":{"start":{"line":82,"column":23},"end":{"line":82,"column":24}},"27":{"start":{"line":83,"column":23},"end":{"line":83,"column":24}},"28":{"start":{"line":86,"column":24},"end":{"line":86,"column":25}},"29":{"start":{"line":87,"column":28},"end":{"line":87,"column":97}},"30":{"start":{"line":88,"column":4},"end":{"line":88,"column":50}},"31":{"start":{"line":89,"column":4},"end":{"line":89,"column":34}},"32":{"start":{"line":91,"column":4},"end":{"line":91,"column":94}},"33":{"start":{"line":94,"column":25},"end":{"line":94,"column":47}},"34":{"start":{"line":97,"column":4},"end":{"line":161,"column":5}},"35":{"start":{"line":97,"column":17},"end":{"line":97,"column":18}},"36":{"start":{"line":98,"column":21},"end":{"line":98,"column":47}},"37":{"start":{"line":100,"column":6},"end":{"line":160,"column":7}},"38":{"start":{"line":102,"column":10},"end":{"line":121,"column":11}},"39":{"start":{"line":103,"column":28},"end":{"line":103,"column":50}},"40":{"start":{"line":104,"column":32},"end":{"line":104,"column":93}},"41":{"start":{"line":105,"column":28},"end":{"line":105,"column":59}},"42":{"start":{"line":107,"column":12},"end":{"line":120,"column":13}},"43":{"start":{"line":108,"column":14},"end":{"line":113,"column":17}},"44":{"start":{"line":115,"column":14},"end":{"line":115,"column":38}},"45":{"start":{"line":116,"column":14},"end":{"line":116,"column":38}},"46":{"start":{"line":117,"column":14},"end":{"line":117,"column":29}},"47":{"start":{"line":119,"column":14},"end":{"line":119,"column":102}},"48":{"start":{"line":122,"column":10},"end":{"line":122,"column":16}},"49":{"start":{"line":125,"column":10},"end":{"line":125,"column":54}},"50":{"start":{"line":126,"column":10},"end":{"line":126,"column":16}},"51":{"start":{"line":129,"column":10},"end":{"line":152,"column":11}},"52":{"start":{"line":130,"column":30},"end":{"line":135,"column":14}},"53":{"start":{"line":137,"column":12},"end":{"line":137,"column":40}},"54":{"start":{"line":138,"column":12},"end":{"line":138,"column":82}},"55":{"start":{"line":139,"column":17},"end":{"line":152,"column":11}},"56":{"start":{"line":141,"column":32},"end":{"line":141,"column":78}},"57":{"start":{"line":142,"column":27},"end":{"line":142,"column":51}},"58":{"start":{"line":144,"column":12},"end":{"line":144,"column":33}},"59":{"start":{"line":145,"column":12},"end":{"line":145,"column":130}},"60":{"start":{"line":148,"column":12},"end":{"line":151,"column":13}},"61":{"start":{"line":149,"column":14},"end":{"line":149,"column":108}},"62":{"start":{"line":150,"column":14},"end":{"line":150,"column":49}},"63":{"start":{"line":153,"column":10},"end":{"line":153,"column":16}},"64":{"start":{"line":156,"column":10},"end":{"line":156,"column":25}},"65":{"start":{"line":157,"column":10},"end":{"line":157,"column":26}},"66":{"start":{"line":158,"column":10},"end":{"line":158,"column":69}},"67":{"start":{"line":159,"column":10},"end":{"line":159,"column":16}},"68":{"start":{"line":164,"column":27},"end":{"line":164,"column":55}},"69":{"start":{"line":165,"column":33},"end":{"line":165,"column":106}},"70":{"start":{"line":166,"column":26},"end":{"line":166,"column":75}},"71":{"start":{"line":168,"column":4},"end":{"line":174,"column":6}},"72":{"start":{"line":180,"column":10},"end":{"line":189,"column":null}},"73":{"start":{"line":182,"column":24},"end":{"line":182,"column":93}},"74":{"start":{"line":185,"column":25},"end":{"line":185,"column":50}},"75":{"start":{"line":188,"column":4},"end":{"line":188,"column":51}},"76":{"start":{"line":194,"column":10},"end":{"line":214,"column":null}},"77":{"start":{"line":195,"column":17},"end":{"line":195,"column":30}},"78":{"start":{"line":198,"column":20},"end":{"line":203,"column":6}},"79":{"start":{"line":205,"column":27},"end":{"line":205,"column":28}},"80":{"start":{"line":206,"column":4},"end":{"line":211,"column":5}},"81":{"start":{"line":206,"column":35},"end":{"line":206,"column":41}},"82":{"start":{"line":206,"column":35},"end":{"line":206,"column":58}},"83":{"start":{"line":206,"column":15},"end":{"line":206,"column":16}},"84":{"start":{"line":206,"column":22},"end":{"line":206,"column":24}},"85":{"start":{"line":206,"column":30},"end":{"line":206,"column":31}},"86":{"start":{"line":207,"column":6},"end":{"line":207,"column":33}},"87":{"start":{"line":208,"column":6},"end":{"line":210,"column":7}},"88":{"start":{"line":209,"column":8},"end":{"line":209,"column":29}},"89":{"start":{"line":213,"column":4},"end":{"line":213,"column":24}},"90":{"start":{"line":219,"column":10},"end":{"line":227,"column":null}},"91":{"start":{"line":220,"column":21},"end":{"line":220,"column":125}},"92":{"start":{"line":221,"column":21},"end":{"line":221,"column":122}},"93":{"start":{"line":223,"column":19},"end":{"line":223,"column":72}},"94":{"start":{"line":224,"column":19},"end":{"line":224,"column":72}},"95":{"start":{"line":226,"column":4},"end":{"line":226,"column":33}},"96":{"start":{"line":232,"column":10},"end":{"line":240,"column":null}},"97":{"start":{"line":233,"column":21},"end":{"line":233,"column":140}},"98":{"start":{"line":234,"column":21},"end":{"line":234,"column":155}},"99":{"start":{"line":236,"column":19},"end":{"line":236,"column":72}},"100":{"start":{"line":237,"column":19},"end":{"line":237,"column":72}},"101":{"start":{"line":239,"column":4},"end":{"line":239,"column":33}},"102":{"start":{"line":245,"column":9},"end":{"line":250,"column":null}},"103":{"start":{"line":246,"column":22},"end":{"line":246,"column":42}},"104":{"start":{"line":247,"column":33},"end":{"line":247,"column":106}},"105":{"start":{"line":249,"column":4},"end":{"line":249,"column":70}},"106":{"start":{"line":255,"column":9},"end":{"line":257,"column":null}},"107":{"start":{"line":256,"column":4},"end":{"line":256,"column":24}},"108":{"start":{"line":262,"column":9},"end":{"line":264,"column":null}},"109":{"start":{"line":263,"column":4},"end":{"line":263,"column":34}},"110":{"start":{"line":269,"column":9},"end":{"line":271,"column":null}},"111":{"start":{"line":270,"column":4},"end":{"line":270,"column":28}},"112":{"start":{"line":272,"column":0},"end":{"line":272,"column":null}},"113":{"start":{"line":17,"column":13},"end":{"line":17,"column":23}}},"fnMap":{"0":{"name":"(anonymous_1)","decl":{"start":{"line":17,"column":0},"end":{"line":17,"column":13}},"loc":{"start":{"line":17,"column":0},"end":{"line":272,"column":null}}},"1":{"name":"AIOpponent","decl":{"start":{"line":25,"column":2},"end":{"line":25,"column":null}},"loc":{"start":{"line":27,"column":17},"end":{"line":50,"column":3}}},"2":{"name":"(anonymous_3)","decl":{"start":{"line":43,"column":20},"end":{"line":43,"column":null}},"loc":{"start":{"line":43,"column":20},"end":{"line":46,"column":7}}},"3":{"name":"(anonymous_4)","decl":{"start":{"line":55,"column":2},"end":{"line":55,"column":10}},"loc":{"start":{"line":55,"column":2},"end":{"line":66,"column":3}}},"4":{"name":"(anonymous_5)","decl":{"start":{"line":72,"column":2},"end":{"line":72,"column":9}},"loc":{"start":{"line":72,"column":2},"end":{"line":175,"column":3}}},"5":{"name":"(anonymous_6)","decl":{"start":{"line":180,"column":2},"end":{"line":180,"column":10}},"loc":{"start":{"line":180,"column":2},"end":{"line":189,"column":3}}},"6":{"name":"(anonymous_7)","decl":{"start":{"line":194,"column":2},"end":{"line":194,"column":10}},"loc":{"start":{"line":194,"column":2},"end":{"line":214,"column":3}}},"7":{"name":"(anonymous_8)","decl":{"start":{"line":219,"column":2},"end":{"line":219,"column":10}},"loc":{"start":{"line":219,"column":2},"end":{"line":227,"column":3}}},"8":{"name":"(anonymous_9)","decl":{"start":{"line":232,"column":2},"end":{"line":232,"column":10}},"loc":{"start":{"line":232,"column":2},"end":{"line":240,"column":3}}},"9":{"name":"(anonymous_10)","decl":{"start":{"line":245,"column":2},"end":{"line":245,"column":9}},"loc":{"start":{"line":245,"column":2},"end":{"line":250,"column":3}}},"10":{"name":"(anonymous_11)","decl":{"start":{"line":255,"column":2},"end":{"line":255,"column":9}},"loc":{"start":{"line":255,"column":2},"end":{"line":257,"column":3}}},"11":{"name":"(anonymous_12)","decl":{"start":{"line":262,"column":2},"end":{"line":262,"column":9}},"loc":{"start":{"line":262,"column":2},"end":{"line":264,"column":3}}},"12":{"name":"(anonymous_13)","decl":{"start":{"line":269,"column":2},"end":{"line":269,"column":9}},"loc":{"start":{"line":269,"column":2},"end":{"line":271,"column":3}}}},"branchMap":{"0":{"loc":{"start":{"line":26,"column":4},"end":{"line":26,"column":null}},"type":"if","locations":[{"start":{"line":26,"column":4},"end":{"line":26,"column":null}}]},"1":{"loc":{"start":{"line":36,"column":4},"end":{"line":49,"column":5}},"type":"if","locations":[{"start":{"line":36,"column":4},"end":{"line":49,"column":5}},{"start":{"line":47,"column":11},"end":{"line":49,"column":5}}]},"2":{"loc":{"start":{"line":56,"column":4},"end":{"line":65,"column":5}},"type":"switch","locations":[{"start":{"line":57,"column":6},"end":{"line":58,"column":17}},{"start":{"line":59,"column":6},"end":{"line":60,"column":17}},{"start":{"line":61,"column":6},"end":{"line":62,"column":18}},{"start":{"line":63,"column":6},"end":{"line":64,"column":17}}]},"3":{"loc":{"start":{"line":87,"column":28},"end":{"line":87,"column":97}},"type":"cond-expr","locations":[{"start":{"line":87,"column":57},"end":{"line":87,"column":58}},{"start":{"line":87,"column":61},"end":{"line":87,"column":97}}]},"4":{"loc":{"start":{"line":87,"column":61},"end":{"line":87,"column":97}},"type":"cond-expr","locations":[{"start":{"line":87,"column":92},"end":{"line":87,"column":93}},{"start":{"line":87,"column":96},"end":{"line":87,"column":97}}]},"5":{"loc":{"start":{"line":100,"column":6},"end":{"line":160,"column":7}},"type":"switch","locations":[{"start":{"line":101,"column":8},"end":{"line":122,"column":16}},{"start":{"line":124,"column":8},"end":{"line":126,"column":16}},{"start":{"line":128,"column":8},"end":{"line":153,"column":16}},{"start":{"line":155,"column":8},"end":{"line":159,"column":16}}]},"6":{"loc":{"start":{"line":102,"column":10},"end":{"line":121,"column":11}},"type":"if","locations":[{"start":{"line":102,"column":10},"end":{"line":121,"column":11}}]},"7":{"loc":{"start":{"line":107,"column":12},"end":{"line":120,"column":13}},"type":"if","locations":[{"start":{"line":107,"column":12},"end":{"line":120,"column":13}}]},"8":{"loc":{"start":{"line":129,"column":10},"end":{"line":152,"column":11}},"type":"if","locations":[{"start":{"line":129,"column":10},"end":{"line":152,"column":11}},{"start":{"line":139,"column":17},"end":{"line":152,"column":11}}]},"9":{"loc":{"start":{"line":129,"column":14},"end":{"line":129,"column":59}},"type":"binary-expr","locations":[{"start":{"line":129,"column":14},"end":{"line":129,"column":33}},{"start":{"line":129,"column":37},"end":{"line":129,"column":59}}]},"10":{"loc":{"start":{"line":139,"column":17},"end":{"line":152,"column":11}},"type":"if","locations":[{"start":{"line":139,"column":17},"end":{"line":152,"column":11}}]},"11":{"loc":{"start":{"line":148,"column":12},"end":{"line":151,"column":13}},"type":"if","locations":[{"start":{"line":148,"column":12},"end":{"line":151,"column":13}}]},"12":{"loc":{"start":{"line":165,"column":33},"end":{"line":165,"column":106}},"type":"cond-expr","locations":[{"start":{"line":165,"column":62},"end":{"line":165,"column":65}},{"start":{"line":165,"column":68},"end":{"line":165,"column":106}}]},"13":{"loc":{"start":{"line":165,"column":68},"end":{"line":165,"column":106}},"type":"cond-expr","locations":[{"start":{"line":165,"column":99},"end":{"line":165,"column":100}},{"start":{"line":165,"column":103},"end":{"line":165,"column":106}}]},"14":{"loc":{"start":{"line":182,"column":24},"end":{"line":182,"column":93}},"type":"cond-expr","locations":[{"start":{"line":182,"column":53},"end":{"line":182,"column":54}},{"start":{"line":182,"column":57},"end":{"line":182,"column":93}}]},"15":{"loc":{"start":{"line":182,"column":57},"end":{"line":182,"column":93}},"type":"cond-expr","locations":[{"start":{"line":182,"column":88},"end":{"line":182,"column":89}},{"start":{"line":182,"column":92},"end":{"line":182,"column":93}}]},"16":{"loc":{"start":{"line":199,"column":26},"end":{"line":199,"column":52}},"type":"cond-expr","locations":[{"start":{"line":199,"column":45},"end":{"line":199,"column":48}},{"start":{"line":199,"column":51},"end":{"line":199,"column":52}}]},"17":{"loc":{"start":{"line":201,"column":28},"end":{"line":201,"column":51}},"type":"cond-expr","locations":[{"start":{"line":201,"column":44},"end":{"line":201,"column":47}},{"start":{"line":201,"column":50},"end":{"line":201,"column":51}}]},"18":{"loc":{"start":{"line":202,"column":26},"end":{"line":202,"column":53}},"type":"cond-expr","locations":[{"start":{"line":202,"column":45},"end":{"line":202,"column":49}},{"start":{"line":202,"column":52},"end":{"line":202,"column":53}}]},"19":{"loc":{"start":{"line":208,"column":6},"end":{"line":210,"column":7}},"type":"if","locations":[{"start":{"line":208,"column":6},"end":{"line":210,"column":7}}]},"20":{"loc":{"start":{"line":247,"column":33},"end":{"line":247,"column":106}},"type":"cond-expr","locations":[{"start":{"line":247,"column":62},"end":{"line":247,"column":65}},{"start":{"line":247,"column":68},"end":{"line":247,"column":106}}]},"21":{"loc":{"start":{"line":247,"column":68},"end":{"line":247,"column":106}},"type":"cond-expr","locations":[{"start":{"line":247,"column":99},"end":{"line":247,"column":100}},{"start":{"line":247,"column":103},"end":{"line":247,"column":106}}]}},"s":{"0":2,"1":36,"2":23,"3":23,"4":23,"5":23,"6":23,"7":23,"8":9,"9":9,"10":9,"11":9,"12":9,"13":138,"14":138,"15":14,"16":2,"17":23,"18":1,"19":20,"20":2,"21":0,"22":2,"23":16,"24":16,"25":16,"26":16,"27":16,"28":16,"29":16,"30":16,"31":16,"32":16,"33":16,"34":16,"35":16,"36":52,"37":52,"38":19,"39":19,"40":19,"41":19,"42":19,"43":19,"44":19,"45":19,"46":19,"47":19,"48":19,"49":10,"50":10,"51":7,"52":5,"53":5,"54":5,"55":2,"56":2,"57":2,"58":2,"59":2,"60":2,"61":0,"62":0,"63":7,"64":16,"65":16,"66":16,"67":16,"68":16,"69":16,"70":16,"71":16,"72":2,"73":16,"74":16,"75":16,"76":2,"77":52,"78":52,"79":52,"80":52,"81":52,"82":52,"83":124,"84":124,"85":124,"86":124,"87":124,"88":45,"89":7,"90":2,"91":19,"92":19,"93":19,"94":19,"95":19,"96":2,"97":5,"98":5,"99":5,"100":5,"101":5,"102":2,"103":7,"104":7,"105":7,"106":2,"107":3,"108":2,"109":1,"110":2,"111":0,"112":2,"113":2},"f":{"0":2,"1":23,"2":138,"3":23,"4":16,"5":16,"6":52,"7":19,"8":5,"9":7,"10":3,"11":1,"12":0},"b":{"0":[13],"1":[9,14],"2":[1,20,2,0],"3":[1,15],"4":[14,1],"5":[19,10,7,16],"6":[19],"7":[19],"8":[5,2],"9":[7,5],"10":[2],"11":[0],"12":[1,15],"13":[14,1],"14":[1,15],"15":[14,1],"16":[51,1],"17":[8,44],"18":[50,2],"19":[45],"20":[1,6],"21":[5,1]}}
,"/Users/zmorek/workspace/ZachBeta/slopcore_yaj_rpg/web/src/terminal-game/card-data.ts": {"path":"/Users/zmorek/workspace/ZachBeta/slopcore_yaj_rpg/web/src/terminal-game/card-data.ts","statementMap":{"0":{"start":{"line":395,"column":0},"end":{"line":395,"column":16}},"1":{"start":{"line":402,"column":0},"end":{"line":402,"column":16}},"2":{"start":{"line":410,"column":0},"end":{"line":410,"column":16}},"3":{"start":{"line":463,"column":0},"end":{"line":463,"column":16}},"4":{"start":{"line":6,"column":13},"end":{"line":86,"column":2}},"5":{"start":{"line":89,"column":13},"end":{"line":124,"column":2}},"6":{"start":{"line":127,"column":13},"end":{"line":156,"column":2}},"7":{"start":{"line":174,"column":13},"end":{"line":390,"column":2}},"8":{"start":{"line":396,"column":2},"end":{"line":396,"column":48}},"9":{"start":{"line":396,"column":32},"end":{"line":396,"column":47}},"10":{"start":{"line":403,"column":2},"end":{"line":403,"column":54}},"11":{"start":{"line":403,"column":34},"end":{"line":403,"column":53}},"12":{"start":{"line":412,"column":19},"end":{"line":443,"column":4}},"13":{"start":{"line":446,"column":15},"end":{"line":452,"column":4}},"14":{"start":{"line":447,"column":17},"end":{"line":447,"column":32}},"15":{"start":{"line":448,"column":4},"end":{"line":450,"column":5}},"16":{"start":{"line":449,"column":6},"end":{"line":449,"column":67}},"17":{"start":{"line":451,"column":4},"end":{"line":451,"column":16}},"18":{"start":{"line":455,"column":2},"end":{"line":455,"column":33}},"19":{"start":{"line":464,"column":16},"end":{"line":464,"column":28}},"20":{"start":{"line":469,"column":2},"end":{"line":482,"column":3}},"21":{"start":{"line":471,"column":14},"end":{"line":471,"column":21}},"22":{"start":{"line":472,"column":14},"end":{"line":472,"column":24}},"23":{"start":{"line":473,"column":14},"end":{"line":473,"column":29}},"24":{"start":{"line":474,"column":16},"end":{"line":474,"column":20}},"25":{"start":{"line":476,"column":4},"end":{"line":479,"column":6}},"26":{"start":{"line":477,"column":6},"end":{"line":477,"column":34}},"27":{"start":{"line":478,"column":6},"end":{"line":478,"column":23}},"28":{"start":{"line":481,"column":4},"end":{"line":481,"column":25}},"29":{"start":{"line":485,"column":2},"end":{"line":488,"column":3}},"30":{"start":{"line":485,"column":15},"end":{"line":485,"column":34}},"31":{"start":{"line":486,"column":14},"end":{"line":486,"column":44}},"32":{"start":{"line":487,"column":4},"end":{"line":487,"column":33}},"33":{"start":{"line":490,"column":2},"end":{"line":490,"column":18}}},"fnMap":{"0":{"name":"getCardById","decl":{"start":{"line":395,"column":16},"end":{"line":395,"column":27}},"loc":{"start":{"line":395,"column":38},"end":{"line":397,"column":1}}},"1":{"name":"(anonymous_2)","decl":{"start":{"line":396,"column":24},"end":{"line":396,"column":28}},"loc":{"start":{"line":396,"column":28},"end":{"line":396,"column":36}}},"2":{"name":"getCardsByType","decl":{"start":{"line":402,"column":16},"end":{"line":402,"column":30}},"loc":{"start":{"line":402,"column":49},"end":{"line":404,"column":1}}},"3":{"name":"(anonymous_4)","decl":{"start":{"line":403,"column":26},"end":{"line":403,"column":30}},"loc":{"start":{"line":403,"column":30},"end":{"line":403,"column":38}}},"4":{"name":"createStarterDeck","decl":{"start":{"line":410,"column":16},"end":{"line":410,"column":33}},"loc":{"start":{"line":410,"column":47},"end":{"line":456,"column":1}}},"5":{"name":"(anonymous_6)","decl":{"start":{"line":446,"column":28},"end":{"line":446,"column":30}},"loc":{"start":{"line":446,"column":30},"end":{"line":452,"column":3}}},"6":{"name":"shuffleDeck","decl":{"start":{"line":463,"column":16},"end":{"line":463,"column":27}},"loc":{"start":{"line":463,"column":55},"end":{"line":491,"column":1}}},"7":{"name":"(anonymous_8)","decl":{"start":{"line":476,"column":13},"end":{"line":476,"column":null}},"loc":{"start":{"line":476,"column":13},"end":{"line":479,"column":5}}}},"branchMap":{"0":{"loc":{"start":{"line":448,"column":4},"end":{"line":450,"column":5}},"type":"if","locations":[{"start":{"line":448,"column":4},"end":{"line":450,"column":5}}]},"1":{"loc":{"start":{"line":469,"column":2},"end":{"line":482,"column":3}},"type":"if","locations":[{"start":{"line":469,"column":2},"end":{"line":482,"column":3}},{"start":{"line":480,"column":9},"end":{"line":482,"column":3}}]}},"s":{"0":2,"1":2,"2":2,"3":2,"4":2,"5":2,"6":2,"7":2,"8":452,"9":5803,"10":0,"11":0,"12":15,"13":15,"14":450,"15":450,"16":0,"17":450,"18":15,"19":17,"20":17,"21":15,"22":15,"23":15,"24":15,"25":15,"26":435,"27":435,"28":2,"29":17,"30":17,"31":463,"32":463,"33":17},"f":{"0":452,"1":5803,"2":0,"3":0,"4":15,"5":450,"6":17,"7":435},"b":{"0":[0],"1":[15,2]}}
,"/Users/zmorek/workspace/ZachBeta/slopcore_yaj_rpg/web/src/terminal-game/command-docs.ts": {"path":"/Users/zmorek/workspace/ZachBeta/slopcore_yaj_rpg/web/src/terminal-game/command-docs.ts","statementMap":{"0":{"start":{"line":13,"column":13},"end":{"line":28,"column":2}},"1":{"start":{"line":30,"column":13},"end":{"line":150,"column":2}}},"fnMap":{},"branchMap":{},"s":{"0":0,"1":0},"f":{},"b":{}}
,"/Users/zmorek/workspace/ZachBeta/slopcore_yaj_rpg/web/src/terminal-game/console-renderer.ts": {"path":"/Users/zmorek/workspace/ZachBeta/slopcore_yaj_rpg/web/src/terminal-game/console-renderer.ts","statementMap":{"0":{"start":{"line":6,"column":13},"end":{"line":34,"column":2}},"1":{"start":{"line":36,"column":0},"end":{"line":36,"column":13}},"2":{"start":{"line":37,"column":10},"end":{"line":37,"column":38}},"3":{"start":{"line":38,"column":10},"end":{"line":54,"column":4}},"4":{"start":{"line":61,"column":4},"end":{"line":61,"column":30}},"5":{"start":{"line":67,"column":10},"end":{"line":119,"column":null}},"6":{"start":{"line":67,"column":2},"end":{"line":67,"column":10}},"7":{"start":{"line":69,"column":4},"end":{"line":70,"column":99}},"8":{"start":{"line":73,"column":4},"end":{"line":118,"column":5}},"9":{"start":{"line":74,"column":6},"end":{"line":115,"column":7}},"10":{"start":{"line":75,"column":8},"end":{"line":75,"column":56}},"11":{"start":{"line":78,"column":27},"end":{"line":78,"column":56}},"12":{"start":{"line":79,"column":8},"end":{"line":79,"column":44}},"13":{"start":{"line":80,"column":8},"end":{"line":80,"column":38}},"14":{"start":{"line":81,"column":8},"end":{"line":81,"column":40}},"15":{"start":{"line":82,"column":8},"end":{"line":82,"column":64}},"16":{"start":{"line":83,"column":8},"end":{"line":83,"column":43}},"17":{"start":{"line":84,"column":8},"end":{"line":84,"column":42}},"18":{"start":{"line":85,"column":8},"end":{"line":85,"column":46}},"19":{"start":{"line":86,"column":8},"end":{"line":86,"column":41}},"20":{"start":{"line":87,"column":8},"end":{"line":87,"column":43}},"21":{"start":{"line":88,"column":8},"end":{"line":88,"column":50}},"22":{"start":{"line":89,"column":8},"end":{"line":89,"column":71}},"23":{"start":{"line":90,"column":8},"end":{"line":90,"column":80}},"24":{"start":{"line":93,"column":27},"end":{"line":93,"column":56}},"25":{"start":{"line":94,"column":8},"end":{"line":94,"column":44}},"26":{"start":{"line":95,"column":8},"end":{"line":95,"column":38}},"27":{"start":{"line":96,"column":8},"end":{"line":96,"column":39}},"28":{"start":{"line":97,"column":8},"end":{"line":97,"column":68}},"29":{"start":{"line":98,"column":8},"end":{"line":98,"column":41}},"30":{"start":{"line":99,"column":8},"end":{"line":99,"column":47}},"31":{"start":{"line":100,"column":8},"end":{"line":100,"column":46}},"32":{"start":{"line":101,"column":8},"end":{"line":101,"column":41}},"33":{"start":{"line":102,"column":8},"end":{"line":102,"column":43}},"34":{"start":{"line":103,"column":8},"end":{"line":103,"column":58}},"35":{"start":{"line":104,"column":8},"end":{"line":104,"column":45}},"36":{"start":{"line":105,"column":8},"end":{"line":105,"column":44}},"37":{"start":{"line":106,"column":8},"end":{"line":106,"column":71}},"38":{"start":{"line":107,"column":8},"end":{"line":107,"column":42}},"39":{"start":{"line":108,"column":8},"end":{"line":108,"column":39}},"40":{"start":{"line":111,"column":8},"end":{"line":111,"column":75}},"41":{"start":{"line":111,"column":51},"end":{"line":111,"column":74}},"42":{"start":{"line":113,"column":8},"end":{"line":113,"column":46}},"43":{"start":{"line":114,"column":8},"end":{"line":114,"column":46}},"44":{"start":{"line":124,"column":10},"end":{"line":243,"column":null}},"45":{"start":{"line":124,"column":2},"end":{"line":124,"column":10}},"46":{"start":{"line":125,"column":4},"end":{"line":242,"column":5}},"47":{"start":{"line":127,"column":27},"end":{"line":127,"column":56}},"48":{"start":{"line":128,"column":6},"end":{"line":128,"column":44}},"49":{"start":{"line":129,"column":6},"end":{"line":129,"column":35}},"50":{"start":{"line":130,"column":6},"end":{"line":130,"column":36}},"51":{"start":{"line":131,"column":6},"end":{"line":131,"column":40}},"52":{"start":{"line":132,"column":6},"end":{"line":132,"column":41}},"53":{"start":{"line":133,"column":6},"end":{"line":133,"column":64}},"54":{"start":{"line":134,"column":6},"end":{"line":134,"column":42}},"55":{"start":{"line":135,"column":6},"end":{"line":135,"column":42}},"56":{"start":{"line":136,"column":6},"end":{"line":136,"column":51}},"57":{"start":{"line":137,"column":6},"end":{"line":137,"column":47}},"58":{"start":{"line":140,"column":27},"end":{"line":140,"column":56}},"59":{"start":{"line":141,"column":6},"end":{"line":141,"column":41}},"60":{"start":{"line":142,"column":6},"end":{"line":142,"column":53}},"61":{"start":{"line":143,"column":6},"end":{"line":143,"column":47}},"62":{"start":{"line":144,"column":6},"end":{"line":144,"column":42}},"63":{"start":{"line":145,"column":6},"end":{"line":145,"column":71}},"64":{"start":{"line":146,"column":6},"end":{"line":146,"column":69}},"65":{"start":{"line":149,"column":20},"end":{"line":149,"column":48}},"66":{"start":{"line":150,"column":6},"end":{"line":150,"column":38}},"67":{"start":{"line":151,"column":6},"end":{"line":151,"column":36}},"68":{"start":{"line":152,"column":6},"end":{"line":152,"column":40}},"69":{"start":{"line":153,"column":6},"end":{"line":153,"column":39}},"70":{"start":{"line":154,"column":6},"end":{"line":154,"column":51}},"71":{"start":{"line":155,"column":6},"end":{"line":155,"column":36}},"72":{"start":{"line":158,"column":26},"end":{"line":158,"column":null}},"73":{"start":{"line":176,"column":29},"end":{"line":176,"column":61}},"74":{"start":{"line":177,"column":6},"end":{"line":177,"column":51}},"75":{"start":{"line":178,"column":6},"end":{"line":178,"column":49}},"76":{"start":{"line":179,"column":6},"end":{"line":179,"column":55}},"77":{"start":{"line":180,"column":6},"end":{"line":182,"column":9}},"78":{"start":{"line":181,"column":8},"end":{"line":181,"column":48}},"79":{"start":{"line":184,"column":29},"end":{"line":184,"column":61}},"80":{"start":{"line":185,"column":6},"end":{"line":185,"column":53}},"81":{"start":{"line":186,"column":6},"end":{"line":186,"column":49}},"82":{"start":{"line":187,"column":6},"end":{"line":187,"column":55}},"83":{"start":{"line":188,"column":6},"end":{"line":191,"column":9}},"84":{"start":{"line":189,"column":8},"end":{"line":189,"column":48}},"85":{"start":{"line":190,"column":8},"end":{"line":190,"column":29}},"86":{"start":{"line":193,"column":26},"end":{"line":193,"column":58}},"87":{"start":{"line":194,"column":6},"end":{"line":194,"column":47}},"88":{"start":{"line":195,"column":6},"end":{"line":195,"column":46}},"89":{"start":{"line":196,"column":6},"end":{"line":198,"column":9}},"90":{"start":{"line":197,"column":8},"end":{"line":197,"column":26}},"91":{"start":{"line":200,"column":29},"end":{"line":200,"column":61}},"92":{"start":{"line":201,"column":6},"end":{"line":201,"column":57}},"93":{"start":{"line":202,"column":6},"end":{"line":202,"column":49}},"94":{"start":{"line":203,"column":6},"end":{"line":203,"column":55}},"95":{"start":{"line":204,"column":6},"end":{"line":221,"column":9}},"96":{"start":{"line":206,"column":30},"end":{"line":206,"column":71}},"97":{"start":{"line":207,"column":8},"end":{"line":217,"column":9}},"98":{"start":{"line":208,"column":11},"end":{"line":208,"column":65}},"99":{"start":{"line":211,"column":35},"end":{"line":211,"column":118}},"100":{"start":{"line":212,"column":10},"end":{"line":216,"column":13}},"101":{"start":{"line":213,"column":12},"end":{"line":215,"column":13}},"102":{"start":{"line":214,"column":14},"end":{"line":214,"column":44}},"103":{"start":{"line":219,"column":8},"end":{"line":219,"column":48}},"104":{"start":{"line":220,"column":8},"end":{"line":220,"column":24}},"105":{"start":{"line":224,"column":6},"end":{"line":224,"column":38}},"106":{"start":{"line":225,"column":6},"end":{"line":225,"column":47}},"107":{"start":{"line":226,"column":6},"end":{"line":226,"column":47}},"108":{"start":{"line":227,"column":6},"end":{"line":227,"column":44}},"109":{"start":{"line":228,"column":6},"end":{"line":228,"column":47}},"110":{"start":{"line":229,"column":6},"end":{"line":229,"column":45}},"111":{"start":{"line":232,"column":6},"end":{"line":236,"column":9}},"112":{"start":{"line":233,"column":8},"end":{"line":235,"column":9}},"113":{"start":{"line":234,"column":10},"end":{"line":234,"column":50}},"114":{"start":{"line":238,"column":6},"end":{"line":238,"column":46}},"115":{"start":{"line":248,"column":9},"end":{"line":352,"column":null}},"116":{"start":{"line":250,"column":24},"end":{"line":250,"column":53}},"117":{"start":{"line":251,"column":4},"end":{"line":251,"column":41}},"118":{"start":{"line":252,"column":4},"end":{"line":252,"column":35}},"119":{"start":{"line":253,"column":4},"end":{"line":253,"column":37}},"120":{"start":{"line":254,"column":4},"end":{"line":254,"column":66}},"121":{"start":{"line":255,"column":4},"end":{"line":255,"column":38}},"122":{"start":{"line":256,"column":4},"end":{"line":256,"column":44}},"123":{"start":{"line":257,"column":4},"end":{"line":257,"column":43}},"124":{"start":{"line":258,"column":4},"end":{"line":258,"column":38}},"125":{"start":{"line":259,"column":4},"end":{"line":259,"column":40}},"126":{"start":{"line":260,"column":4},"end":{"line":260,"column":55}},"127":{"start":{"line":261,"column":4},"end":{"line":261,"column":42}},"128":{"start":{"line":262,"column":4},"end":{"line":262,"column":69}},"129":{"start":{"line":263,"column":4},"end":{"line":263,"column":118}},"130":{"start":{"line":266,"column":23},"end":{"line":266,"column":55}},"131":{"start":{"line":267,"column":4},"end":{"line":267,"column":41}},"132":{"start":{"line":268,"column":4},"end":{"line":268,"column":40}},"133":{"start":{"line":269,"column":4},"end":{"line":269,"column":34}},"134":{"start":{"line":270,"column":4},"end":{"line":270,"column":36}},"135":{"start":{"line":271,"column":4},"end":{"line":271,"column":49}},"136":{"start":{"line":272,"column":4},"end":{"line":272,"column":37}},"137":{"start":{"line":273,"column":4},"end":{"line":273,"column":37}},"138":{"start":{"line":274,"column":4},"end":{"line":274,"column":42}},"139":{"start":{"line":275,"column":4},"end":{"line":275,"column":42}},"140":{"start":{"line":276,"column":4},"end":{"line":276,"column":37}},"141":{"start":{"line":277,"column":4},"end":{"line":277,"column":39}},"142":{"start":{"line":278,"column":4},"end":{"line":278,"column":54}},"143":{"start":{"line":279,"column":4},"end":{"line":279,"column":41}},"144":{"start":{"line":280,"column":4},"end":{"line":280,"column":40}},"145":{"start":{"line":282,"column":4},"end":{"line":282,"column":43}},"146":{"start":{"line":283,"column":4},"end":{"line":283,"column":42}},"147":{"start":{"line":286,"column":25},"end":{"line":301,"column":6}},"148":{"start":{"line":303,"column":23},"end":{"line":303,"column":24}},"149":{"start":{"line":304,"column":20},"end":{"line":304,"column":24}},"150":{"start":{"line":307,"column":21},"end":{"line":313,"column":5}},"151":{"start":{"line":308,"column":6},"end":{"line":308,"column":24}},"152":{"start":{"line":309,"column":6},"end":{"line":309,"column":45}},"153":{"start":{"line":310,"column":6},"end":{"line":310,"column":44}},"154":{"start":{"line":312,"column":6},"end":{"line":312,"column":117}},"155":{"start":{"line":316,"column":4},"end":{"line":316,"column":51}},"156":{"start":{"line":319,"column":27},"end":{"line":341,"column":5}},"157":{"start":{"line":320,"column":6},"end":{"line":328,"column":7}},"158":{"start":{"line":321,"column":8},"end":{"line":326,"column":9}},"159":{"start":{"line":323,"column":10},"end":{"line":323,"column":123}},"160":{"start":{"line":324,"column":10},"end":{"line":324,"column":49}},"161":{"start":{"line":325,"column":10},"end":{"line":325,"column":48}},"162":{"start":{"line":327,"column":8},"end":{"line":327,"column":15}},"163":{"start":{"line":330,"column":33},"end":{"line":330,"column":59}},"164":{"start":{"line":330,"column":21},"end":{"line":330,"column":23}},"165":{"start":{"line":330,"column":28},"end":{"line":330,"column":33}},"166":{"start":{"line":333,"column":6},"end":{"line":333,"column":91}},"167":{"start":{"line":336,"column":7},"end":{"line":336,"column":46}},"168":{"start":{"line":339,"column":6},"end":{"line":339,"column":21}},"169":{"start":{"line":340,"column":6},"end":{"line":340,"column":40}},"170":{"start":{"line":344,"column":4},"end":{"line":344,"column":20}},"171":{"start":{"line":345,"column":4},"end":{"line":345,"column":104}},"172":{"start":{"line":346,"column":4},"end":{"line":346,"column":116}},"173":{"start":{"line":347,"column":4},"end":{"line":347,"column":111}},"174":{"start":{"line":348,"column":4},"end":{"line":348,"column":20}},"175":{"start":{"line":351,"column":4},"end":{"line":351,"column":37}},"176":{"start":{"line":357,"column":9},"end":{"line":359,"column":null}},"177":{"start":{"line":358,"column":4},"end":{"line":358,"column":63}},"178":{"start":{"line":366,"column":9},"end":{"line":368,"column":null}},"179":{"start":{"line":366,"column":40},"end":{"line":366,"column":null}},"180":{"start":{"line":367,"column":4},"end":{"line":367,"column":51}},"181":{"start":{"line":374,"column":9},"end":{"line":376,"column":null}},"182":{"start":{"line":375,"column":4},"end":{"line":375,"column":53}},"183":{"start":{"line":382,"column":9},"end":{"line":384,"column":null}},"184":{"start":{"line":383,"column":4},"end":{"line":383,"column":57}},"185":{"start":{"line":390,"column":9},"end":{"line":392,"column":null}},"186":{"start":{"line":391,"column":4},"end":{"line":391,"column":43}},"187":{"start":{"line":398,"column":9},"end":{"line":412,"column":null}},"188":{"start":{"line":398,"column":2},"end":{"line":398,"column":9}},"189":{"start":{"line":399,"column":4},"end":{"line":402,"column":5}},"190":{"start":{"line":400,"column":6},"end":{"line":400,"column":56}},"191":{"start":{"line":401,"column":6},"end":{"line":401,"column":13}},"192":{"start":{"line":404,"column":4},"end":{"line":404,"column":50}},"193":{"start":{"line":405,"column":4},"end":{"line":411,"column":7}},"194":{"start":{"line":406,"column":6},"end":{"line":409,"column":8}},"195":{"start":{"line":410,"column":6},"end":{"line":410,"column":65}},"196":{"start":{"line":418,"column":9},"end":{"line":434,"column":null}},"197":{"start":{"line":418,"column":2},"end":{"line":418,"column":9}},"198":{"start":{"line":419,"column":4},"end":{"line":422,"column":5}},"199":{"start":{"line":420,"column":6},"end":{"line":420,"column":56}},"200":{"start":{"line":421,"column":6},"end":{"line":421,"column":13}},"201":{"start":{"line":424,"column":4},"end":{"line":424,"column":56}},"202":{"start":{"line":425,"column":4},"end":{"line":433,"column":7}},"203":{"start":{"line":426,"column":6},"end":{"line":429,"column":8}},"204":{"start":{"line":430,"column":6},"end":{"line":432,"column":7}},"205":{"start":{"line":431,"column":8},"end":{"line":431,"column":64}},"206":{"start":{"line":441,"column":9},"end":{"line":443,"column":null}},"207":{"start":{"line":442,"column":4},"end":{"line":442,"column":92}},"208":{"start":{"line":449,"column":9},"end":{"line":460,"column":null}},"209":{"start":{"line":455,"column":4},"end":{"line":455,"column":52}},"210":{"start":{"line":456,"column":4},"end":{"line":456,"column":67}},"211":{"start":{"line":457,"column":4},"end":{"line":457,"column":95}},"212":{"start":{"line":458,"column":4},"end":{"line":458,"column":81}},"213":{"start":{"line":459,"column":4},"end":{"line":459,"column":82}},"214":{"start":{"line":466,"column":9},"end":{"line":472,"column":null}},"215":{"start":{"line":467,"column":4},"end":{"line":467,"column":59}},"216":{"start":{"line":468,"column":4},"end":{"line":471,"column":7}},"217":{"start":{"line":468,"column":46},"end":{"line":468,"column":48}},"218":{"start":{"line":468,"column":59},"end":{"line":468,"column":60}},"219":{"start":{"line":469,"column":6},"end":{"line":469,"column":55}},"220":{"start":{"line":470,"column":6},"end":{"line":470,"column":40}},"221":{"start":{"line":478,"column":9},"end":{"line":487,"column":null}},"222":{"start":{"line":483,"column":4},"end":{"line":483,"column":56}},"223":{"start":{"line":484,"column":4},"end":{"line":484,"column":65}},"224":{"start":{"line":485,"column":4},"end":{"line":485,"column":85}},"225":{"start":{"line":486,"column":4},"end":{"line":486,"column":61}},"226":{"start":{"line":492,"column":9},"end":{"line":494,"column":null}},"227":{"start":{"line":493,"column":4},"end":{"line":493,"column":20}},"228":{"start":{"line":499,"column":9},"end":{"line":515,"column":null}},"229":{"start":{"line":500,"column":4},"end":{"line":501,"column":44}},"230":{"start":{"line":502,"column":4},"end":{"line":503,"column":44}},"231":{"start":{"line":504,"column":4},"end":{"line":505,"column":44}},"232":{"start":{"line":506,"column":4},"end":{"line":507,"column":44}},"233":{"start":{"line":508,"column":4},"end":{"line":509,"column":44}},"234":{"start":{"line":510,"column":4},"end":{"line":511,"column":44}},"235":{"start":{"line":512,"column":4},"end":{"line":513,"column":66}},"236":{"start":{"line":514,"column":4},"end":{"line":514,"column":20}},"237":{"start":{"line":516,"column":0},"end":{"line":516,"column":null}},"238":{"start":{"line":36,"column":13},"end":{"line":36,"column":28}}},"fnMap":{"0":{"name":"(anonymous_0)","decl":{"start":{"line":36,"column":0},"end":{"line":36,"column":13}},"loc":{"start":{"line":36,"column":0},"end":{"line":516,"column":null}}},"1":{"name":"ConsoleRenderer","decl":{"start":{"line":59,"column":2},"end":{"line":59,"column":null}},"loc":{"start":{"line":59,"column":2},"end":{"line":62,"column":3}}},"2":{"name":"(anonymous_2)","decl":{"start":{"line":67,"column":2},"end":{"line":67,"column":10}},"loc":{"start":{"line":67,"column":2},"end":{"line":119,"column":3}}},"3":{"name":"(anonymous_3)","decl":{"start":{"line":111,"column":45},"end":{"line":111,"column":51}},"loc":{"start":{"line":111,"column":45},"end":{"line":111,"column":55}}},"4":{"name":"(anonymous_4)","decl":{"start":{"line":124,"column":2},"end":{"line":124,"column":10}},"loc":{"start":{"line":124,"column":2},"end":{"line":243,"column":3}}},"5":{"name":"(anonymous_5)","decl":{"start":{"line":180,"column":47},"end":{"line":180,"column":null}},"loc":{"start":{"line":180,"column":47},"end":{"line":182,"column":7}}},"6":{"name":"(anonymous_6)","decl":{"start":{"line":188,"column":47},"end":{"line":188,"column":null}},"loc":{"start":{"line":188,"column":47},"end":{"line":191,"column":7}}},"7":{"name":"(anonymous_7)","decl":{"start":{"line":196,"column":44},"end":{"line":196,"column":null}},"loc":{"start":{"line":196,"column":44},"end":{"line":198,"column":7}}},"8":{"name":"(anonymous_8)","decl":{"start":{"line":204,"column":47},"end":{"line":204,"column":null}},"loc":{"start":{"line":204,"column":47},"end":{"line":221,"column":7}}},"9":{"name":"(anonymous_9)","decl":{"start":{"line":212,"column":35},"end":{"line":212,"column":37}},"loc":{"start":{"line":212,"column":37},"end":{"line":216,"column":11}}},"10":{"name":"(anonymous_10)","decl":{"start":{"line":232,"column":45},"end":{"line":232,"column":46}},"loc":{"start":{"line":232,"column":47},"end":{"line":236,"column":7}}},"11":{"name":"(anonymous_11)","decl":{"start":{"line":248,"column":2},"end":{"line":248,"column":9}},"loc":{"start":{"line":248,"column":2},"end":{"line":352,"column":3}}},"12":{"name":"(anonymous_12)","decl":{"start":{"line":307,"column":21},"end":{"line":307,"column":null}},"loc":{"start":{"line":307,"column":21},"end":{"line":313,"column":5}}},"13":{"name":"(anonymous_13)","decl":{"start":{"line":319,"column":27},"end":{"line":319,"column":null}},"loc":{"start":{"line":319,"column":27},"end":{"line":341,"column":5}}},"14":{"name":"(anonymous_14)","decl":{"start":{"line":357,"column":2},"end":{"line":357,"column":9}},"loc":{"start":{"line":357,"column":2},"end":{"line":359,"column":3}}},"15":{"name":"(anonymous_15)","decl":{"start":{"line":366,"column":2},"end":{"line":366,"column":9}},"loc":{"start":{"line":366,"column":95},"end":{"line":368,"column":3}}},"16":{"name":"(anonymous_16)","decl":{"start":{"line":374,"column":2},"end":{"line":374,"column":9}},"loc":{"start":{"line":374,"column":36},"end":{"line":376,"column":3}}},"17":{"name":"(anonymous_17)","decl":{"start":{"line":382,"column":2},"end":{"line":382,"column":9}},"loc":{"start":{"line":382,"column":38},"end":{"line":384,"column":3}}},"18":{"name":"(anonymous_18)","decl":{"start":{"line":390,"column":2},"end":{"line":390,"column":9}},"loc":{"start":{"line":390,"column":38},"end":{"line":392,"column":3}}},"19":{"name":"(anonymous_19)","decl":{"start":{"line":398,"column":2},"end":{"line":398,"column":9}},"loc":{"start":{"line":398,"column":31},"end":{"line":412,"column":3}}},"20":{"name":"(anonymous_20)","decl":{"start":{"line":405,"column":17},"end":{"line":405,"column":18}},"loc":{"start":{"line":405,"column":29},"end":{"line":411,"column":5}}},"21":{"name":"(anonymous_21)","decl":{"start":{"line":418,"column":2},"end":{"line":418,"column":9}},"loc":{"start":{"line":418,"column":46},"end":{"line":434,"column":3}}},"22":{"name":"(anonymous_22)","decl":{"start":{"line":425,"column":22},"end":{"line":425,"column":23}},"loc":{"start":{"line":425,"column":34},"end":{"line":433,"column":5}}},"23":{"name":"(anonymous_23)","decl":{"start":{"line":441,"column":2},"end":{"line":441,"column":9}},"loc":{"start":{"line":441,"column":48},"end":{"line":443,"column":3}}},"24":{"name":"(anonymous_24)","decl":{"start":{"line":449,"column":2},"end":{"line":449,"column":9}},"loc":{"start":{"line":454,"column":3},"end":{"line":460,"column":3}}},"25":{"name":"(anonymous_25)","decl":{"start":{"line":466,"column":2},"end":{"line":466,"column":9}},"loc":{"start":{"line":466,"column":52},"end":{"line":472,"column":3}}},"26":{"name":"(anonymous_26)","decl":{"start":{"line":468,"column":37},"end":{"line":468,"column":38}},"loc":{"start":{"line":468,"column":60},"end":{"line":471,"column":5}}},"27":{"name":"(anonymous_27)","decl":{"start":{"line":478,"column":2},"end":{"line":478,"column":9}},"loc":{"start":{"line":482,"column":3},"end":{"line":487,"column":3}}},"28":{"name":"(anonymous_28)","decl":{"start":{"line":492,"column":2},"end":{"line":492,"column":9}},"loc":{"start":{"line":492,"column":2},"end":{"line":494,"column":3}}},"29":{"name":"(anonymous_29)","decl":{"start":{"line":499,"column":2},"end":{"line":499,"column":9}},"loc":{"start":{"line":499,"column":2},"end":{"line":515,"column":3}}}},"branchMap":{"0":{"loc":{"start":{"line":74,"column":6},"end":{"line":115,"column":7}},"type":"if","locations":[{"start":{"line":74,"column":6},"end":{"line":115,"column":7}}]},"1":{"loc":{"start":{"line":207,"column":8},"end":{"line":217,"column":9}},"type":"if","locations":[{"start":{"line":207,"column":8},"end":{"line":217,"column":9}}]},"2":{"loc":{"start":{"line":213,"column":12},"end":{"line":215,"column":13}},"type":"if","locations":[{"start":{"line":213,"column":12},"end":{"line":215,"column":13}}]},"3":{"loc":{"start":{"line":233,"column":8},"end":{"line":235,"column":9}},"type":"if","locations":[{"start":{"line":233,"column":8},"end":{"line":235,"column":9}}]},"4":{"loc":{"start":{"line":320,"column":6},"end":{"line":328,"column":7}},"type":"if","locations":[{"start":{"line":320,"column":6},"end":{"line":328,"column":7}}]},"5":{"loc":{"start":{"line":320,"column":10},"end":{"line":320,"column":59}},"type":"binary-expr","locations":[{"start":{"line":320,"column":10},"end":{"line":320,"column":20}},{"start":{"line":320,"column":24},"end":{"line":320,"column":59}}]},"6":{"loc":{"start":{"line":321,"column":8},"end":{"line":326,"column":9}},"type":"if","locations":[{"start":{"line":321,"column":8},"end":{"line":326,"column":9}}]},"7":{"loc":{"start":{"line":366,"column":40},"end":{"line":366,"column":null}},"type":"if","locations":[{"start":{"line":366,"column":40},"end":{"line":366,"column":null}}]},"8":{"loc":{"start":{"line":399,"column":4},"end":{"line":402,"column":5}},"type":"if","locations":[{"start":{"line":399,"column":4},"end":{"line":402,"column":5}}]},"9":{"loc":{"start":{"line":410,"column":25},"end":{"line":410,"column":61}},"type":"binary-expr","locations":[{"start":{"line":410,"column":25},"end":{"line":410,"column":41}},{"start":{"line":410,"column":45},"end":{"line":410,"column":61}}]},"10":{"loc":{"start":{"line":419,"column":4},"end":{"line":422,"column":5}},"type":"if","locations":[{"start":{"line":419,"column":4},"end":{"line":422,"column":5}}]},"11":{"loc":{"start":{"line":430,"column":6},"end":{"line":432,"column":7}},"type":"if","locations":[{"start":{"line":430,"column":6},"end":{"line":432,"column":7}}]}},"s":{"0":2,"1":2,"2":14,"3":14,"4":14,"5":2,"6":14,"7":14,"8":14,"9":14,"10":14,"11":14,"12":14,"13":14,"14":14,"15":14,"16":14,"17":14,"18":14,"19":14,"20":14,"21":14,"22":14,"23":14,"24":14,"25":14,"26":14,"27":14,"28":14,"29":14,"30":14,"31":14,"32":14,"33":14,"34":14,"35":14,"36":14,"37":14,"38":14,"39":14,"40":14,"41":0,"42":14,"43":14,"44":2,"45":0,"46":0,"47":0,"48":0,"49":0,"50":0,"51":0,"52":0,"53":0,"54":0,"55":0,"56":0,"57":0,"58":0,"59":0,"60":0,"61":0,"62":0,"63":0,"64":0,"65":0,"66":0,"67":0,"68":0,"69":0,"70":0,"71":0,"72":0,"73":0,"74":0,"75":0,"76":0,"77":0,"78":0,"79":0,"80":0,"81":0,"82":0,"83":0,"84":0,"85":0,"86":0,"87":0,"88":0,"89":0,"90":0,"91":0,"92":0,"93":0,"94":0,"95":0,"96":0,"97":0,"98":0,"99":0,"100":0,"101":0,"102":0,"103":0,"104":0,"105":0,"106":0,"107":0,"108":0,"109":0,"110":0,"111":0,"112":0,"113":0,"114":0,"115":2,"116":0,"117":0,"118":0,"119":0,"120":0,"121":0,"122":0,"123":0,"124":0,"125":0,"126":0,"127":0,"128":0,"129":0,"130":0,"131":0,"132":0,"133":0,"134":0,"135":0,"136":0,"137":0,"138":0,"139":0,"140":0,"141":0,"142":0,"143":0,"144":0,"145":0,"146":0,"147":0,"148":0,"149":0,"150":0,"151":0,"152":0,"153":0,"154":0,"155":0,"156":0,"157":0,"158":0,"159":0,"160":0,"161":0,"162":0,"163":0,"164":0,"165":0,"166":0,"167":0,"168":0,"169":0,"170":0,"171":0,"172":0,"173":0,"174":0,"175":0,"176":2,"177":0,"178":2,"179":0,"180":0,"181":2,"182":0,"183":2,"184":0,"185":2,"186":0,"187":2,"188":0,"189":0,"190":0,"191":0,"192":0,"193":0,"194":0,"195":0,"196":2,"197":0,"198":0,"199":0,"200":0,"201":0,"202":0,"203":0,"204":0,"205":0,"206":2,"207":0,"208":2,"209":0,"210":0,"211":0,"212":0,"213":0,"214":2,"215":0,"216":0,"217":0,"218":0,"219":0,"220":0,"221":2,"222":0,"223":0,"224":0,"225":0,"226":2,"227":0,"228":2,"229":0,"230":0,"231":0,"232":0,"233":0,"234":0,"235":0,"236":0,"237":2,"238":2},"f":{"0":2,"1":14,"2":14,"3":0,"4":0,"5":0,"6":0,"7":0,"8":0,"9":0,"10":0,"11":0,"12":0,"13":0,"14":0,"15":0,"16":0,"17":0,"18":0,"19":0,"20":0,"21":0,"22":0,"23":0,"24":0,"25":0,"26":0,"27":0,"28":0,"29":0},"b":{"0":[14],"1":[0],"2":[0],"3":[0],"4":[0],"5":[0,0],"6":[0],"7":[0],"8":[0],"9":[0,0],"10":[0],"11":[0]}}
,"/Users/zmorek/workspace/ZachBeta/slopcore_yaj_rpg/web/src/terminal-game/game-phases.ts": {"path":"/Users/zmorek/workspace/ZachBeta/slopcore_yaj_rpg/web/src/terminal-game/game-phases.ts","statementMap":{"0":{"start":{"line":4,"column":0},"end":{"line":4,"column":null}},"1":{"start":{"line":5,"column":2},"end":{"line":5,"column":null}},"2":{"start":{"line":6,"column":2},"end":{"line":6,"column":null}},"3":{"start":{"line":7,"column":2},"end":{"line":7,"column":null}},"4":{"start":{"line":8,"column":2},"end":{"line":8,"column":null}},"5":{"start":{"line":9,"column":2},"end":{"line":9,"column":null}},"6":{"start":{"line":10,"column":2},"end":{"line":10,"column":null}}},"fnMap":{"0":{"name":"(anonymous_0)","decl":{"start":{"line":4,"column":0},"end":{"line":4,"column":12}},"loc":{"start":{"line":4,"column":21},"end":{"line":11,"column":1}}}},"branchMap":{"0":{"loc":{"start":{"line":4,"column":12},"end":{"line":4,"column":null}},"type":"binary-expr","locations":[{"start":{"line":4,"column":12},"end":{"line":4,"column":21}},{"start":{"line":4,"column":21},"end":{"line":4,"column":null}}]}},"s":{"0":3,"1":3,"2":3,"3":3,"4":3,"5":3,"6":3},"f":{"0":3},"b":{"0":[3,3]}}
,"/Users/zmorek/workspace/ZachBeta/slopcore_yaj_rpg/web/src/terminal-game/terminal-game.ts": {"path":"/Users/zmorek/workspace/ZachBeta/slopcore_yaj_rpg/web/src/terminal-game/terminal-game.ts","statementMap":{"0":{"start":{"line":5,"column":0},"end":{"line":5,"column":91}},"1":{"start":{"line":6,"column":0},"end":{"line":6,"column":53}},"2":{"start":{"line":7,"column":0},"end":{"line":7,"column":43}},"3":{"start":{"line":8,"column":0},"end":{"line":8,"column":42}},"4":{"start":{"line":12,"column":46},"end":{"line":27,"column":2}},"5":{"start":{"line":30,"column":45},"end":{"line":80,"column":2}},"6":{"start":{"line":82,"column":0},"end":{"line":82,"column":13}},"7":{"start":{"line":134,"column":14},"end":{"line":134,"column":null}},"8":{"start":{"line":88,"column":10},"end":{"line":88,"column":36}},"9":{"start":{"line":89,"column":10},"end":{"line":89,"column":43}},"10":{"start":{"line":90,"column":10},"end":{"line":90,"column":38}},"11":{"start":{"line":91,"column":10},"end":{"line":91,"column":40}},"12":{"start":{"line":92,"column":10},"end":{"line":92,"column":40}},"13":{"start":{"line":95,"column":10},"end":{"line":95,"column":52}},"14":{"start":{"line":96,"column":10},"end":{"line":96,"column":38}},"15":{"start":{"line":97,"column":10},"end":{"line":97,"column":32}},"16":{"start":{"line":98,"column":10},"end":{"line":98,"column":33}},"17":{"start":{"line":99,"column":10},"end":{"line":99,"column":45}},"18":{"start":{"line":102,"column":10},"end":{"line":102,"column":41}},"19":{"start":{"line":103,"column":10},"end":{"line":103,"column":39}},"20":{"start":{"line":104,"column":10},"end":{"line":104,"column":40}},"21":{"start":{"line":105,"column":10},"end":{"line":105,"column":43}},"22":{"start":{"line":106,"column":10},"end":{"line":106,"column":42}},"23":{"start":{"line":107,"column":10},"end":{"line":107,"column":36}},"24":{"start":{"line":108,"column":10},"end":{"line":108,"column":34}},"25":{"start":{"line":111,"column":10},"end":{"line":111,"column":34}},"26":{"start":{"line":112,"column":10},"end":{"line":112,"column":33}},"27":{"start":{"line":113,"column":10},"end":{"line":113,"column":41}},"28":{"start":{"line":114,"column":10},"end":{"line":114,"column":41}},"29":{"start":{"line":117,"column":10},"end":{"line":117,"column":36}},"30":{"start":{"line":118,"column":10},"end":{"line":118,"column":46}},"31":{"start":{"line":119,"column":10},"end":{"line":119,"column":45}},"32":{"start":{"line":122,"column":10},"end":{"line":122,"column":40}},"33":{"start":{"line":123,"column":10},"end":{"line":123,"column":43}},"34":{"start":{"line":126,"column":10},"end":{"line":126,"column":47}},"35":{"start":{"line":129,"column":10},"end":{"line":129,"column":47}},"36":{"start":{"line":136,"column":4},"end":{"line":136,"column":33}},"37":{"start":{"line":137,"column":4},"end":{"line":137,"column":42}},"38":{"start":{"line":140,"column":4},"end":{"line":155,"column":6}},"39":{"start":{"line":161,"column":2},"end":{"line":185,"column":null}},"40":{"start":{"line":163,"column":4},"end":{"line":163,"column":40}},"41":{"start":{"line":166,"column":4},"end":{"line":166,"column":64}},"42":{"start":{"line":169,"column":4},"end":{"line":169,"column":29}},"43":{"start":{"line":172,"column":4},"end":{"line":172,"column":26}},"44":{"start":{"line":173,"column":4},"end":{"line":173,"column":28}},"45":{"start":{"line":176,"column":4},"end":{"line":176,"column":40}},"46":{"start":{"line":177,"column":4},"end":{"line":177,"column":40}},"47":{"start":{"line":180,"column":4},"end":{"line":180,"column":26}},"48":{"start":{"line":181,"column":4},"end":{"line":181,"column":32}},"49":{"start":{"line":184,"column":4},"end":{"line":184,"column":21}},"50":{"start":{"line":190,"column":10},"end":{"line":195,"column":null}},"51":{"start":{"line":191,"column":4},"end":{"line":191,"column":27}},"52":{"start":{"line":200,"column":10},"end":{"line":205,"column":null}},"53":{"start":{"line":202,"column":4},"end":{"line":202,"column":64}},"54":{"start":{"line":203,"column":16},"end":{"line":203,"column":40}},"55":{"start":{"line":204,"column":4},"end":{"line":204,"column":51}},"56":{"start":{"line":210,"column":10},"end":{"line":232,"column":null}},"57":{"start":{"line":212,"column":4},"end":{"line":231,"column":6}},"58":{"start":{"line":237,"column":10},"end":{"line":243,"column":null}},"59":{"start":{"line":239,"column":4},"end":{"line":239,"column":57}},"60":{"start":{"line":242,"column":4},"end":{"line":242,"column":55}},"61":{"start":{"line":248,"column":10},"end":{"line":255,"column":null}},"62":{"start":{"line":249,"column":29},"end":{"line":249,"column":30}},"63":{"start":{"line":250,"column":4},"end":{"line":254,"column":5}},"64":{"start":{"line":250,"column":17},"end":{"line":250,"column":18}},"65":{"start":{"line":251,"column":6},"end":{"line":253,"column":7}},"66":{"start":{"line":252,"column":8},"end":{"line":252,"column":52}},"67":{"start":{"line":260,"column":10},"end":{"line":262,"column":null}},"68":{"start":{"line":261,"column":4},"end":{"line":261,"column":33}},"69":{"start":{"line":267,"column":2},"end":{"line":293,"column":null}},"70":{"start":{"line":269,"column":4},"end":{"line":271,"column":5}},"71":{"start":{"line":270,"column":6},"end":{"line":270,"column":24}},"72":{"start":{"line":274,"column":4},"end":{"line":274,"column":40}},"73":{"start":{"line":277,"column":4},"end":{"line":277,"column":45}},"74":{"start":{"line":280,"column":4},"end":{"line":280,"column":42}},"75":{"start":{"line":283,"column":4},"end":{"line":283,"column":44}},"76":{"start":{"line":286,"column":4},"end":{"line":286,"column":75}},"77":{"start":{"line":289,"column":4},"end":{"line":289,"column":41}},"78":{"start":{"line":292,"column":4},"end":{"line":292,"column":24}},"79":{"start":{"line":298,"column":10},"end":{"line":321,"column":null}},"80":{"start":{"line":298,"column":2},"end":{"line":298,"column":10}},"81":{"start":{"line":298,"column":48},"end":{"line":298,"column":null}},"82":{"start":{"line":300,"column":4},"end":{"line":320,"column":7}},"83":{"start":{"line":301,"column":6},"end":{"line":319,"column":7}},"84":{"start":{"line":302,"column":8},"end":{"line":312,"column":9}},"85":{"start":{"line":304,"column":10},"end":{"line":307,"column":11}},"86":{"start":{"line":305,"column":12},"end":{"line":305,"column":56}},"87":{"start":{"line":306,"column":12},"end":{"line":306,"column":78}},"88":{"start":{"line":308,"column":15},"end":{"line":312,"column":9}},"89":{"start":{"line":310,"column":10},"end":{"line":310,"column":34}},"90":{"start":{"line":311,"column":10},"end":{"line":311,"column":74}},"91":{"start":{"line":313,"column":13},"end":{"line":319,"column":7}},"92":{"start":{"line":314,"column":8},"end":{"line":318,"column":9}},"93":{"start":{"line":316,"column":10},"end":{"line":316,"column":34}},"94":{"start":{"line":317,"column":10},"end":{"line":317,"column":74}},"95":{"start":{"line":326,"column":2},"end":{"line":351,"column":null}},"96":{"start":{"line":328,"column":4},"end":{"line":328,"column":42}},"97":{"start":{"line":329,"column":4},"end":{"line":329,"column":58}},"98":{"start":{"line":332,"column":30},"end":{"line":332,"column":60}},"99":{"start":{"line":332,"column":19},"end":{"line":332,"column":21}},"100":{"start":{"line":332,"column":25},"end":{"line":332,"column":30}},"101":{"start":{"line":335,"column":4},"end":{"line":342,"column":5}},"102":{"start":{"line":337,"column":6},"end":{"line":337,"column":42}},"103":{"start":{"line":338,"column":11},"end":{"line":342,"column":5}},"104":{"start":{"line":340,"column":6},"end":{"line":340,"column":63}},"105":{"start":{"line":341,"column":6},"end":{"line":341,"column":91}},"106":{"start":{"line":345,"column":4},"end":{"line":345,"column":30}},"107":{"start":{"line":348,"column":4},"end":{"line":350,"column":5}},"108":{"start":{"line":349,"column":6},"end":{"line":349,"column":33}},"109":{"start":{"line":356,"column":10},"end":{"line":373,"column":null}},"110":{"start":{"line":357,"column":18},"end":{"line":357,"column":49}},"111":{"start":{"line":358,"column":20},"end":{"line":358,"column":43}},"112":{"start":{"line":359,"column":17},"end":{"line":359,"column":31}},"113":{"start":{"line":360,"column":44},"end":{"line":360,"column":46}},"114":{"start":{"line":363,"column":25},"end":{"line":370,"column":6}},"115":{"start":{"line":364,"column":6},"end":{"line":368,"column":7}},"116":{"start":{"line":365,"column":25},"end":{"line":365,"column":52}},"117":{"start":{"line":366,"column":8},"end":{"line":366,"column":53}},"118":{"start":{"line":367,"column":8},"end":{"line":367,"column":21}},"119":{"start":{"line":369,"column":6},"end":{"line":369,"column":18}},"120":{"start":{"line":372,"column":4},"end":{"line":372,"column":52}},"121":{"start":{"line":378,"column":10},"end":{"line":403,"column":null}},"122":{"start":{"line":380,"column":4},"end":{"line":388,"column":5}},"123":{"start":{"line":381,"column":6},"end":{"line":381,"column":27}},"124":{"start":{"line":382,"column":6},"end":{"line":382,"column":104}},"125":{"start":{"line":383,"column":6},"end":{"line":383,"column":29}},"126":{"start":{"line":384,"column":11},"end":{"line":388,"column":5}},"127":{"start":{"line":385,"column":6},"end":{"line":385,"column":27}},"128":{"start":{"line":386,"column":6},"end":{"line":386,"column":110}},"129":{"start":{"line":387,"column":6},"end":{"line":387,"column":29}},"130":{"start":{"line":391,"column":4},"end":{"line":395,"column":5}},"131":{"start":{"line":392,"column":6},"end":{"line":392,"column":27}},"132":{"start":{"line":393,"column":6},"end":{"line":393,"column":94}},"133":{"start":{"line":394,"column":6},"end":{"line":394,"column":29}},"134":{"start":{"line":398,"column":4},"end":{"line":402,"column":5}},"135":{"start":{"line":399,"column":6},"end":{"line":399,"column":27}},"136":{"start":{"line":400,"column":6},"end":{"line":400,"column":77}},"137":{"start":{"line":401,"column":6},"end":{"line":401,"column":29}},"138":{"start":{"line":408,"column":10},"end":{"line":413,"column":null}},"139":{"start":{"line":409,"column":19},"end":{"line":409,"column":95}},"140":{"start":{"line":410,"column":4},"end":{"line":410,"column":63}},"141":{"start":{"line":411,"column":4},"end":{"line":411,"column":64}},"142":{"start":{"line":412,"column":4},"end":{"line":412,"column":57}},"143":{"start":{"line":418,"column":10},"end":{"line":430,"column":null}},"144":{"start":{"line":419,"column":18},"end":{"line":427,"column":6}},"145":{"start":{"line":429,"column":4},"end":{"line":429,"column":41}},"146":{"start":{"line":435,"column":10},"end":{"line":445,"column":null}},"147":{"start":{"line":436,"column":4},"end":{"line":444,"column":5}},"148":{"start":{"line":437,"column":28},"end":{"line":437,"column":43}},"149":{"start":{"line":438,"column":33},"end":{"line":438,"column":56}},"150":{"start":{"line":439,"column":29},"end":{"line":439,"column":51}},"151":{"start":{"line":440,"column":30},"end":{"line":440,"column":53}},"152":{"start":{"line":441,"column":31},"end":{"line":441,"column":52}},"153":{"start":{"line":442,"column":32},"end":{"line":442,"column":51}},"154":{"start":{"line":443,"column":15},"end":{"line":443,"column":32}},"155":{"start":{"line":450,"column":10},"end":{"line":464,"column":null}},"156":{"start":{"line":451,"column":4},"end":{"line":463,"column":5}},"157":{"start":{"line":453,"column":26},"end":{"line":453,"column":47}},"158":{"start":{"line":454,"column":6},"end":{"line":459,"column":7}},"159":{"start":{"line":455,"column":8},"end":{"line":455,"column":95}},"160":{"start":{"line":456,"column":8},"end":{"line":456,"column":106}},"161":{"start":{"line":458,"column":8},"end":{"line":458,"column":83}},"162":{"start":{"line":462,"column":6},"end":{"line":462,"column":46}},"163":{"start":{"line":469,"column":10},"end":{"line":495,"column":null}},"164":{"start":{"line":469,"column":2},"end":{"line":469,"column":10}},"165":{"start":{"line":470,"column":4},"end":{"line":474,"column":5}},"166":{"start":{"line":471,"column":6},"end":{"line":471,"column":56}},"167":{"start":{"line":472,"column":6},"end":{"line":472,"column":66}},"168":{"start":{"line":473,"column":6},"end":{"line":473,"column":13}},"169":{"start":{"line":476,"column":24},"end":{"line":476,"column":45}},"170":{"start":{"line":477,"column":20},"end":{"line":477,"column":48}},"171":{"start":{"line":479,"column":4},"end":{"line":494,"column":5}},"172":{"start":{"line":481,"column":6},"end":{"line":
[...]
null}},"type":"if","locations":[{"start":{"line":134,"column":14},"end":{"line":134,"column":null}}]},"1":{"loc":{"start":{"line":251,"column":6},"end":{"line":253,"column":7}},"type":"if","locations":[{"start":{"line":251,"column":6},"end":{"line":253,"column":7}}]},"2":{"loc":{"start":{"line":269,"column":4},"end":{"line":271,"column":5}},"type":"if","locations":[{"start":{"line":269,"column":4},"end":{"line":271,"column":5}}]},"3":{"loc":{"start":{"line":298,"column":48},"end":{"line":298,"column":null}},"type":"if","locations":[{"start":{"line":298,"column":48},"end":{"line":298,"column":null}}]},"4":{"loc":{"start":{"line":301,"column":6},"end":{"line":319,"column":7}},"type":"if","locations":[{"start":{"line":301,"column":6},"end":{"line":319,"column":7}},{"start":{"line":313,"column":13},"end":{"line":319,"column":7}}]},"5":{"loc":{"start":{"line":301,"column":10},"end":{"line":301,"column":61}},"type":"binary-expr","locations":[{"start":{"line":301,"column":10},"end":{"line":301,"column":33}},{"start":{"line":301,"column":37},"end":{"line":301,"column":61}}]},"6":{"loc":{"start":{"line":302,"column":8},"end":{"line":312,"column":9}},"type":"if","locations":[{"start":{"line":302,"column":8},"end":{"line":312,"column":9}},{"start":{"line":308,"column":15},"end":{"line":312,"column":9}}]},"7":{"loc":{"start":{"line":304,"column":10},"end":{"line":307,"column":11}},"type":"if","locations":[{"start":{"line":304,"column":10},"end":{"line":307,"column":11}}]},"8":{"loc":{"start":{"line":308,"column":15},"end":{"line":312,"column":9}},"type":"if","locations":[{"start":{"line":308,"column":15},"end":{"line":312,"column":9}}]},"9":{"loc":{"start":{"line":313,"column":13},"end":{"line":319,"column":7}},"type":"if","locations":[{"start":{"line":313,"column":13},"end":{"line":319,"column":7}}]},"10":{"loc":{"start":{"line":313,"column":17},"end":{"line":313,"column":69}},"type":"binary-expr","locations":[{"start":{"line":313,"column":17},"end":{"line":313,"column":41}},{"start":{"line":313,"column":45},"end":{"line":313,"column":69}}]},"11":{"loc":{"start":{"line":314,"column":8},"end":{"line":318,"column":9}},"type":"if","locations":[{"start":{"line":314,"column":8},"end":{"line":318,"column":9}}]},"12":{"loc":{"start":{"line":314,"column":12},"end":{"line":314,"column":71}},"type":"binary-expr","locations":[{"start":{"line":314,"column":12},"end":{"line":314,"column":45}},{"start":{"line":314,"column":49},"end":{"line":314,"column":71}}]},"13":{"loc":{"start":{"line":335,"column":4},"end":{"line":342,"column":5}},"type":"if","locations":[{"start":{"line":335,"column":4},"end":{"line":342,"column":5}},{"start":{"line":338,"column":11},"end":{"line":342,"column":5}}]},"14":{"loc":{"start":{"line":335,"column":8},"end":{"line":335,"column":48}},"type":"binary-expr","locations":[{"start":{"line":335,"column":8},"end":{"line":335,"column":15}},{"start":{"line":335,"column":19},"end":{"line":335,"column":48}}]},"15":{"loc":{"start":{"line":338,"column":11},"end":{"line":342,"column":5}},"type":"if","locations":[{"start":{"line":338,"column":11},"end":{"line":342,"column":5}}]},"16":{"loc":{"start":{"line":348,"column":4},"end":{"line":350,"column":5}},"type":"if","locations":[{"start":{"line":348,"column":4},"end":{"line":350,"column":5}}]},"17":{"loc":{"start":{"line":358,"column":20},"end":{"line":358,"column":43}},"type":"cond-expr","locations":[{"start":{"line":358,"column":28},"end":{"line":358,"column":30}},{"start":{"line":358,"column":28},"end":{"line":358,"column":43}}]},"18":{"loc":{"start":{"line":358,"column":20},"end":{"line":358,"column":30}},"type":"binary-expr","locations":[{"start":{"line":358,"column":20},"end":{"line":358,"column":30}},{"start":{"line":358,"column":28},"end":{"line":358,"column":30}}]},"19":{"loc":{"start":{"line":364,"column":6},"end":{"line":368,"column":7}},"type":"if","locations":[{"start":{"line":364,"column":6},"end":{"line":368,"column":7}}]},"20":{"loc":{"start":{"line":366,"column":31},"end":{"line":366,"column":52}},"type":"binary-expr","locations":[{"start":{"line":366,"column":31},"end":{"line":366,"column":42}},{"start":{"line":366,"column":46},"end":{"line":366,"column":52}}]},"21":{"loc":{"start":{"line":380,"column":4},"end":{"line":388,"column":5}},"type":"if","locations":[{"start":{"line":380,"column":4},"end":{"line":388,"column":5}},{"start":{"line":384,"column":11},"end":{"line":388,"column":5}}]},"22":{"loc":{"start":{"line":384,"column":11},"end":{"line":388,"column":5}},"type":"if","locations":[{"start":{"line":384,"column":11},"end":{"line":388,"column":5}}]},"23":{"loc":{"start":{"line":391,"column":4},"end":{"line":395,"column":5}},"type":"if","locations":[{"start":{"line":391,"column":4},"end":{"line":395,"column":5}}]},"24":{"loc":{"start":{"line":391,"column":8},"end":{"line":391,"column":67}},"type":"binary-expr","locations":[{"start":{"line":391,"column":8},"end":{"line":391,"column":36}},{"start":{"line":391,"column":40},"end":{"line":391,"column":67}}]},"25":{"loc":{"start":{"line":398,"column":4},"end":{"line":402,"column":5}},"type":"if","locations":[{"start":{"line":398,"column":4},"end":{"line":402,"column":5}}]},"26":{"loc":{"start":{"line":409,"column":19},"end":{"line":409,"column":95}},"type":"cond-expr","locations":[{"start":{"line":409,"column":71},"end":{"line":409,"column":79}},{"start":{"line":409,"column":82},"end":{"line":409,"column":95}}]},"27":{"loc":{"start":{"line":436,"column":4},"end":{"line":444,"column":5}},"type":"switch","locations":[{"start":{"line":437,"column":6},"end":{"line":437,"column":43}},{"start":{"line":438,"column":6},"end":{"line":438,"column":56}},{"start":{"line":439,"column":6},"end":{"line":439,"column":51}},{"start":{"line":440,"column":6},"end":{"line":440,"column":53}},{"start":{"line":441,"column":6},"end":{"line":441,"column":52}},{"start":{"line":442,"column":6},"end":{"line":442,"column":51}},{"start":{"line":443,"column":6},"end":{"line":443,"column":32}}]},"28":{"loc":{"start":{"line":451,"column":4},"end":{"line":463,"column":5}},"type":"if","locations":[{"start":{"line":451,"column":4},"end":{"line":463,"column":5}},{"start":{"line":460,"column":11},"end":{"line":463,"column":5}}]},"29":{"loc":{"start":{"line":454,"column":6},"end":{"line":459,"column":7}},"type":"if","locations":[{"start":{"line":454,"column":6},"end":{"line":459,"column":7}},{"start":{"line":457,"column":13},"end":{"line":459,"column":7}}]},"30":{"loc":{"start":{"line":470,"column":4},"end":{"line":474,"column":5}},"type":"if","locations":[{"start":{"line":470,"column":4},"end":{"line":474,"column":5}}]},"31":{"loc":{"start":{"line":479,"column":4},"end":{"line":494,"column":5}},"type":"if","locations":[{"start":{"line":479,"column":4},"end":{"line":494,"column":5}},{"start":{"line":492,"column":11},"end":{"line":494,"column":5}}]},"32":{"loc":{"start":{"line":501,"column":4},"end":{"line":504,"column":5}},"type":"if","locations":[{"start":{"line":501,"column":4},"end":{"line":504,"column":5}}]},"33":{"loc":{"start":{"line":506,"column":4},"end":{"line":509,"column":5}},"type":"if","locations":[{"start":{"line":506,"column":4},"end":{"line":509,"column":5}}]},"34":{"loc":{"start":{"line":511,"column":4},"end":{"line":514,"column":5}},"type":"if","locations":[{"start":{"line":511,"column":4},"end":{"line":514,"column":5}}]},"35":{"loc":{"start":{"line":518,"column":4},"end":{"line":525,"column":5}},"type":"if","locations":[{"start":{"line":518,"column":4},"end":{"line":525,"column":5}}]},"36":{"loc":{"start":{"line":532,"column":4},"end":{"line":535,"column":5}},"type":"if","locations":[{"start":{"line":532,"column":4},"end":{"line":535,"column":5}}]},"37":{"loc":{"start":{"line":545,"column":4},"end":{"line":548,"column":5}},"type":"if","locations":[{"start":{"line":545,"column":4},"end":{"line":548,"column":5}}]},"38":{"loc":{"start":{"line":550,"column":4},"end":{"line":553,"column":5}},"type":"if","locations":[{"start":{"line":550,"column":4},"end":{"line":553,"column":5}}]},"39":{"loc":{"start":{"line":555,"column":4},"end":{"line":558,"column":5}},"type":"if","locations":[{"start":{"line":555,"column":4},"end":{"line":558,"column":5}}]},"40":{"loc":{"start":{"line":561,"column":4},"end":{"line":564,"column":5}},"type":"if","locations":[{"start":{"line":561,"column":4},"end":{"line":564,"column":5}}]},"41":{"loc":{"start":{"line":561,"column":8},"end":{"line":561,"column":79}},"type":"binary-expr","locations":[{"start":{"line":561,"column":8},"end":{"line":561,"column":24}},{"start":{"line":561,"column":28},"end":{"line":561,"column":41}},{"start":{"line":561,"column":45},"end":{"line":561,"column":79}}]},"42":{"loc":{"start":{"line":569,"column":4},"end":{"line":572,"column":5}},"type":"if","locations":[{"start":{"line":569,"column":4},"end":{"line":572,"column":5}}]},"43":{"loc":{"start":{"line":575,"column":4},"end":{"line":578,"column":5}},"type":"if","locations":[{"start":{"line":575,"column":4},"end":{"line":578,"column":5}}]},"44":{"loc":{"start":{"line":575,"column":8},"end":{"line":575,"column":122}},"type":"binary-expr","locations":[{"start":{"line":575,"column":8},"end":{"line":575,"column":31}},{"start":{"line":575,"column":35},"end":{"line":575,"column":51}},{"start":{"line":575,"column":55},"end":{"line":575,"column":122}}]},"45":{"loc":{"start":{"line":594,"column":4},"end":{"line":596,"column":5}},"type":"if","locations":[{"start":{"line":594,"column":4},"end":{"line":596,"column":5}}]},"46":{"loc":{"start":{"line":594,"column":8},"end":{"line":594,"column":51}},"type":"binary-expr","locations":[{"start":{"line":594,"column":8},"end":{"line":594,"column":31}},{"start":{"line":594,"column":35},"end":{"line":594,"column":51}}]},"47":{"loc":{"start":{"line":598,"column":4},"end":{"line":616,"column":5}},"type":"if","locations":[{"start":{"line":598,"column":4},"end":{"line":616,"column":5}}]},"48":{"loc":{"start":{"line":600,"column":6},"end":{"line":615,"column":7}},"type":"if","locations":[{"start":{"line":600,"column":6},"end":{"line":615,"column":7}},{"start":{"line":603,"column":13},"end":{"line":615,"column":7}}]},"49":{"loc":{"start":{"line":603,"column":13},"end":{"line":615,"column":7}},"type":"if","locations":[{"start":{"line":603,"column":13},"end":{"line":615,"column":7}},{"start":{"line":612,"column":13},"end":{"line":615,"column":7}}]},"50":{"loc":{"start":{"line":608,"column":8},"end":{"line":611,"column":9}},"type":"if","locations":[{"start":{"line":608,"column":8},"end":{"line":611,"column":9}}]},"51":{"loc":{"start":{"line":612,"column":13},"end":{"line":615,"column":7}},"type":"if","locations":[{"start":{"line":612,"column":13},"end":{"line":615,"column":7}}]},"52":{"loc":{"start":{"line":626,"column":4},"end":{"line":629,"column":5}},"type":"if","locations":[{"start":{"line":626,"column":4},"end":{"line":629,"column":5}}]},"53":{"loc":{"start":{"line":631,"column":4},"end":{"line":634,"column":5}},"type":"if","locations":[{"start":{"line":631,"column":4},"end":{"line":634,"column":5}}]},"54":{"loc":{"start":{"line":636,"column":4},"end":{"line":639,"column":5}},"type":"if","locations":[{"start":{"line":636,"column":4},"end":{"line":639,"column":5}}]},"55":{"loc":{"start":{"line":642,"column":4},"end":{"line":645,"column":5}},"type":"if","locations":[{"start":{"line":642,"column":4},"end":{"line":645,"column":5}}]},"56":{"loc":{"start":{"line":661,"column":4},"end":{"line":663,"column":5}},"type":"if","locations":[{"start":{"line":661,"column":4},"end":{"line":663,"column":5}}]},"57":{"loc":{"start":{"line":672,"column":4},"end":{"line":675,"column":5}},"type":"if","locations":[{"start":{"line":672,"column":4},"end":{"line":675,"column":5}}]},"58":{"loc":{"start":{"line":686,"column":4},"end":{"line":690,"column":5}},"type":"if","locations":[{"start":{"line":686,"column":4},"end":{"line":690,"column":5}}]},"59":{"loc":{"start":{"line":701,"column":4},"end":{"line":719,"column":5}},"type":"if","locations":[{"start":{"line":701,"column":4},"end":{"line":719,"column":5}}]},"60":{"loc":{"start":{"line":710,"column":6},"end":{"line":715,"column":7}},"type":"if","locations":[{"start":{"line":710,"column":6},"end":{"line":715,"column":7}}]},"61":{"loc":{"start":{"line":746,"column":4},"end":{"line":749,"column":5}},"type":"if","locations":[{"start":{"line":746,"column":4},"end":{"line":749,"column":5}}]},"62":{"loc":{"start":{"line":752,"column":4},"end":{"line":755,"column":5}},"type":"if","locations":[{"start":{"line":752,"column":4},"end":{"line":755,"column":5}}]},"63":{"loc":{"start":{"line":752,"column":8},"end":{"line":752,"column":79}},"type":"binary-expr","locations":[{"start":{"line":752,"column":8},"end":{"line":752,"column":24}},{"start":{"line":752,"column":28},"end":{"line":752,"column":41}},{"start":{"line":752,"column":45},"end":{"line":752,"column":79}}]},"64":{"loc":{"start":{"line":758,"column":4},"end":{"line":764,"column":5}},"type":"if","locations":[{"start":{"line":758,"column":4},"end":{"line":764,"column":5}}]},"65":{"loc":{"start":{"line":759,"column":6},"end":{"line":762,"column":7}},"type":"if","locations":[{"start":{"line":759,"column":6},"end":{"line":762,"column":7}}]},"66":{"loc":{"start":{"line":771,"column":4},"end":{"line":777,"column":5}},"type":"if","locations":[{"start":{"line":771,"column":4},"end":{"line":777,"column":5}}]},"67":{"loc":{"start":{"line":773,"column":6},"end":{"line":776,"column":7}},"type":"if","locations":[{"start":{"line":773,"column":6},"end":{"line":776,"column":7}}]},"68":{"loc":{"start":{"line":787,"column":23},"end":{"line":787,"column":77}},"type":"cond-expr","locations":[{"start":{"line":787,"column":41},"end":{"line":787,"column":72}},{"start":{"line":787,"column":75},"end":{"line":787,"column":77}}]},"69":{"loc":{"start":{"line":791,"column":4},"end":{"line":793,"column":5}},"type":"if","locations":[{"start":{"line":791,"column":4},"end":{"line":793,"column":5}}]},"70":{"loc":{"start":{"line":794,"column":4},"end":{"line":796,"column":5}},"type":"if","locations":[{"start":{"line":794,"column":4},"end":{"line":796,"column":5}}]},"71":{"loc":{"start":{"line":811,"column":4},"end":{"line":814,"column":5}},"type":"if","locations":[{"start":{"line":811,"column":4},"end":{"line":814,"column":5}}]},"72":{"loc":{"start":{"line":831,"column":6},"end":{"line":835,"column":7}},"type":"if","locations":[{"start":{"line":831,"column":6},"end":{"line":835,"column":7}},{"start":{"line":833,"column":13},"end":{"line":835,"column":7}}]},"73":{"loc":{"start":{"line":831,"column":10},"end":{"line":831,"column":68}},"type":"binary-expr","locations":[{"start":{"line":831,"column":10},"end":{"line":831,"column":33}},{"start":{"line":831,"column":37},"end":{"line":831,"column":68}}]},"74":{"loc":{"start":{"line":833,"column":13},"end":{"line":835,"column":7}},"type":"if","locations":[{"start":{"line":833,"column":13},"end":{"line":835,"column":7}}]},"75":{"loc":{"start":{"line":833,"column":17},"end":{"line":833,"column":78}},"type":"binary-expr","locations":[{"start":{"line":833,"column":17},"end":{"line":833,"column":41}},{"start":{"line":833,"column":45},"end":{"line":833,"column":78}}]},"76":{"loc":{"start":{"line":851,"column":53},"end":{"line":851,"column":96}},"type":"binary-expr","locations":[{"start":{"line":851,"column":53},"end":{"line":851,"column":76}},{"start":{"line":851,"column":80},"end":{"line":851,"column":96}}]},"77":{"loc":{"start":{"line":852,"column":4},"end":{"line":857,"column":5}},"type":"if","locations":[{"start":{"line":852,"column":4},"end":{"line":857,"column":5}}]},"78":{"loc":{"start":{"line":864,"column":4},"end":{"line":867,"column":5}},"type":"if","locations":[{"start":{"line":864,"column":4},"end":{"line":867,"column":5}}]},"79":{"loc":{"start":{"line":864,"column":8},"end":{"line":864,"column":51}},"type":"binary-expr","locations":[{"start":{"line":864,"column":8},"end":{"line":864,"column":24}},{"start":{"line":864,"column":28},"end":{"line":864,"column":51}}]}},"s":{"0":1,"1":1,"2":1,"3":1,"4":1,"5":1,"6":1,"7":13,"8":13,"9":13,"10":13,"11":13,"12":13,"13":13,"14":13,"15":13,"16":13,"17":13,"18":13,"19":13,"20":13,"21":13,"22":13,"23":13,"24":13,"25":13,"26":13,"27":13,"28":13,"29":13,"30":13,"31":13,"32":13,"33":13,"34":13,"35":13,"36":13,"37":13,"38":13,"39":1,"40":12,"41":12,"42":12,"43":12,"44":12,"45":12,"46":12,"47":12,"48":12,"49":12,"50":1,"51":12,"52":1,"53":3,"54":3,"55":3,"56":1,"57":12,"58":1,"59":12,"60":12,"61":1,"62":12,"63":12,"64":12,"65":60,"66":60,"67":1,"68":12,"69":1,"70":12,"71":0,"72":12,"73":12,"74":12,"75":12,"76":12,"77":12,"78":12,"79":1,"80":12,"81":24,"82":12,"83":0,"84":0,"85":0,"86":0,"87":0,"88":0,"89":0,"90":0,"91":0,"92":0,"93":0,"94":0,"95":1,"96":20,"97":20,"98":20,"99":20,"100":20,"101":20,"102":19,"103":1,"104":1,"105":1,"106":20,"107":20,"108":20,"109":1,"110":20,"111":20,"112":20,"113":20,"114":20,"115":6,"116":1,"117":1,"118":1,"119":5,"120":20,"121":1,"122":23,"123":1,"124":1,"125":1,"126":22,"127":1,"128":1,"129":1,"130":23,"131":1,"132":1,"133":1,"134":23,"135":0,"136":0,"137":0,"138":1,"139":3,"140":3,"141":3,"142":3,"143":1,"144":16,"145":16,"146":1,"147":12,"148":0,"149":12,"150":0,"151":0,"152":0,"153":0,"154":0,"155":1,"156":12,"157":0,"158":0,"159":0,"160":0,"161":0,"162":12,"163":1,"164":0,"165":0,"166":0,"167":0,"168":0,"169":0,"170":0,"171":0,"172":0,"173":0,"174":0,"175":0,"176":0,"177":0,"178":0,"179":0,"180":0,"181":0,"182":0,"183":1,"184":1,"185":0,"186":0,"187":1,"188":0,"189":0,"190":1,"191":0,"192":0,"193":1,"194":1,"195":1,"196":1,"197":1,"198":1,"199":1,"200":0,"201":0,"202":0,"203":0,"204":1,"205":3,"206":0,"207":0,"208":3,"209":0,"210":0,"211":3,"212":0,"213":0,"214":3,"215":3,"216":0,"217":0,"218":3,"219":3,"220":1,"221":1,"222":2,"223":0,"224":0,"225":2,"226":2,"227":2,"228":2,"229":2,"230":2,"231":1,"232":2,"233":1,"234":0,"235":0,"236":1,"237":0,"238":0,"239":0,"240":0,"241":0,"242":1,"243":0,"244":0,"245":2,"246":2,"247":1,"248":2,"249":0,"250":0,"251":2,"252":0,"253":0,"254":2,"255":0,"256":0,"257":2,"258":2,"259":1,"260":1,"261":1,"262":1,"263":1,"264":0,"265":1,"266":1,"267":1,"268":1,"269":1,"270":1,"271":1,"272":1,"273":1,"274":1,"275":0,"276":0,"277":0,"278":1,"279":1,"280":1,"281":1,"282":1,"283":1,"284":2,"285":1,"286":1,"287":3,"288":1,"289":1,"290":0,"291":0,"292":1,"293":0,"294":0,"295":0,"296":0,"297":0,"298":0,"299":1,"300":0,"301":0,"302":0,"303":0,"304":0,"305":0,"306":0,"307":0,"308":0,"309":0,"310":0,"311":0,"312":0,"313":0,"314":0,"315":0,"316":0,"317":0,"318":0,"319":1,"320":0,"321":0,"322":0,"323":0,"324":0,"325":0,"326":0,"327":0,"328":1,"329":0,"330":0,"331":0,"332":0,"333":1,"334":0,"335":0,"336":0,"337":0,"338":0,"339":0,"340":0,"341":0,"342":0,"343":1,"344":0,"345":0,"346":0,"347":0,"348":0,"349":0,"350":0,"351":0,"352":0,"353":0,"354":0,"355":1,"356":0,"357":0,"358":0,"359":0,"360":0,"361":0,"362":1,"363":0,"364":1,"365":0,"366":1,"367":1},"f":{"0":1,"1":13,"2":12,"3":12,"4":3,"5":12,"6":12,"7":12,"8":12,"9":12,"10":12,"11":0,"12":20,"13":20,"14":6,"15":23,"16":3,"17":16,"18":12,"19":12,"20":0,"21":0,"22":1,"23":0,"24":3,"25":2,"26":1,"27":2,"28":3,"29":0,"30":0,"31":0,"32":0,"33":0,"34":0,"35":0,"36":0,"37":0,"38":0,"39":0,"40":0,"41":0},"b":{"0":[0],"1":[60],"2":[0],"3":[12],"4":[0,0],"5":[0,0],"6":[0,0],"7":[0],"8":[0],"9":[0],"10":[0,0],"11":[0],"12":[0,0],"13":[19,1],"14":[20,20],"15":[1],"16":[20],"17":[0,20],"18":[20,20],"19":[1],"20":[1,0],"21":[1,22],"22":[1],"23":[1],"24":[23,1],"25":[0],"26":[1,2],"27":[0,12,0,0,0,0,0],"28":[0,12],"29":[0,0],"30":[0],"31":[0,0],"32":[0],"33":[0],"34":[0],"35":[1],"36":[0],"37":[0],"38":[0],"39":[0],"40":[0],"41":[3,3,3],"42":[1],"43":[0],"44":[2,1,1],"45":[1],"46":[2,1],"47":[1],"48":[0,1],"49":[0,1],"50":[0],"51":[0],"52":[0],"53":[0],"54":[0],"55":[1],"56":[0],"57":[1],"58":[0],"59":[1],"60":[1],"61":[0],"62":[0],"63":[0,0,0],"64":[0],"65":[0],"66":[0],"67":[0],"68":[0,0],"69":[0],"70":[0],"71":[0],"72":[0,0],"73":[0,0],"74":[0],"75":[0,0],"76":[0,0],"77":[0],"78":[0],"79":[0,0]}}
}
