TN:
SF:src/index.ts
FN:14,initializeGame
FN:37,(anonymous_1)
FN:46,(anonymous_2)
FN:50,(anonymous_3)
FN:78,(anonymous_4)
FN:92,(anonymous_5)
FN:106,(anonymous_6)
FN:113,(anonymous_7)
FN:120,createGameInstructions
FN:220,(anonymous_9)
FN:246,(anonymous_10)
FNF:11
FNH:1
FNDA:0,initializeGame
FNDA:0,(anonymous_1)
FNDA:3,(anonymous_2)
FNDA:0,(anonymous_3)
FNDA:0,(anonymous_4)
FNDA:0,(anonymous_5)
FNDA:0,(anonymous_6)
FNDA:0,(anonymous_7)
FNDA:0,createGameInstructions
FNDA:0,(anonymous_9)
FNDA:0,(anonymous_10)
DA:1,3
DA:11,3
DA:16,0
DA:19,0
DA:20,0
DA:23,0
DA:26,0
DA:27,0
DA:30,0
DA:31,0
DA:32,0
DA:33,0
DA:37,3
DA:38,0
DA:39,0
DA:41,0
DA:46,3
DA:48,3
DA:49,3
DA:50,3
DA:52,0
DA:53,0
DA:54,0
DA:58,0
DA:61,0
DA:66,3
DA:67,3
DA:68,3
DA:69,3
DA:70,3
DA:73,3
DA:74,0
DA:78,3
DA:80,0
DA:81,0
DA:82,0
DA:86,0
DA:89,0
DA:92,0
DA:94,0
DA:95,0
DA:96,0
DA:97,0
DA:104,3
DA:105,3
DA:106,3
DA:107,0
DA:111,3
DA:112,3
DA:113,3
DA:114,0
DA:121,0
DA:122,0
DA:123,0
DA:124,0
DA:125,0
DA:126,0
DA:127,0
DA:128,0
DA:129,0
DA:130,0
DA:131,0
DA:132,0
DA:134,0
DA:135,0
DA:136,0
DA:137,0
DA:138,0
DA:139,0
DA:141,0
DA:142,0
DA:143,0
DA:144,0
DA:147,0
DA:148,0
DA:149,0
DA:150,0
DA:151,0
DA:153,0
DA:154,0
DA:155,0
DA:158,0
DA:174,0
DA:175,0
DA:176,0
DA:177,0
DA:178,0
DA:179,0
DA:180,0
DA:181,0
DA:182,0
DA:183,0
DA:184,0
DA:185,0
DA:186,0
DA:187,0
DA:188,0
DA:189,0
DA:191,0
DA:195,0
DA:196,0
DA:197,0
DA:198,0
DA:199,0
DA:200,0
DA:201,0
DA:202,0
DA:205,0
DA:206,0
DA:207,0
DA:208,0
DA:209,0
DA:210,0
DA:213,0
DA:220,0
DA:221,0
DA:222,0
DA:223,0
DA:224,0
DA:225,0
DA:226,0
DA:227,0
DA:229,0
DA:230,0
DA:231,0
DA:235,0
DA:236,0
DA:237,0
DA:238,0
DA:239,0
DA:240,0
DA:241,0
DA:242,0
DA:243,0
DA:244,0
DA:245,0
DA:246,0
DA:248,0
DA:249,0
DA:250,0
DA:251,0
DA:253,0
LF:142
LH:20
BRDA:38,0,0,0
BRDA:38,0,1,0
BRDA:38,1,0,0
BRDA:38,1,1,0
BRDA:38,1,2,0
BRDA:49,2,0,3
BRDA:53,3,0,0
BRDA:73,4,0,0
BRDA:73,5,0,3
BRDA:73,5,1,3
BRDA:81,6,0,0
BRDA:94,7,0,0
BRDA:94,8,0,0
BRDA:94,8,1,0
BRDA:94,8,2,0
BRDA:96,9,0,0
BRDA:96,10,0,0
BRDA:96,10,1,0
BRDA:105,11,0,3
BRDA:112,12,0,3
BRDA:175,13,0,0
BRDA:175,13,1,0
BRDA:175,14,0,0
BRDA:175,14,1,0
BRDA:175,14,2,0
BRDA:175,14,3,0
BRDA:175,14,4,0
BRDA:177,15,0,0
BRDA:180,16,0,0
BRDA:180,16,1,0
BRDA:180,17,0,0
BRDA:180,17,1,0
BRDA:180,17,2,0
BRDA:180,17,3,0
BRDA:183,18,0,0
BRDA:183,18,1,0
BRF:36
BRH:5
end_of_record
TN:
SF:src/terminal-game/ai-opponent.ts
FN:17,(anonymous_1)
FN:25,AIOpponent
FN:43,(anonymous_3)
FN:55,(anonymous_4)
FN:72,(anonymous_5)
FN:180,(anonymous_6)
FN:194,(anonymous_7)
FN:219,(anonymous_8)
FN:232,(anonymous_9)
FN:245,(anonymous_10)
FN:255,(anonymous_11)
FN:262,(anonymous_12)
FN:269,(anonymous_13)
FNF:13
FNH:12
FNDA:2,(anonymous_1)
FNDA:23,AIOpponent
FNDA:138,(anonymous_3)
FNDA:23,(anonymous_4)
FNDA:16,(anonymous_5)
FNDA:16,(anonymous_6)
FNDA:52,(anonymous_7)
FNDA:19,(anonymous_8)
FNDA:5,(anonymous_9)
FNDA:7,(anonymous_10)
FNDA:3,(anonymous_11)
FNDA:1,(anonymous_12)
FNDA:0,(anonymous_13)
DA:17,2
DA:26,36
DA:29,23
DA:30,23
DA:31,23
DA:32,23
DA:33,23
DA:36,23
DA:38,9
DA:39,9
DA:40,9
DA:41,9
DA:43,9
DA:44,138
DA:45,138
DA:48,14
DA:55,2
DA:56,23
DA:58,1
DA:60,20
DA:62,2
DA:64,0
DA:72,2
DA:79,16
DA:80,16
DA:81,16
DA:82,16
DA:83,16
DA:86,16
DA:87,16
DA:88,16
DA:89,16
DA:91,16
DA:94,16
DA:97,16
DA:98,52
DA:100,52
DA:102,19
DA:103,19
DA:104,19
DA:105,19
DA:107,19
DA:108,19
DA:115,19
DA:116,19
DA:117,19
DA:119,19
DA:122,19
DA:125,10
DA:126,10
DA:129,7
DA:130,5
DA:137,5
DA:138,5
DA:139,2
DA:141,2
DA:142,2
DA:144,2
DA:145,2
DA:148,2
DA:149,0
DA:150,0
DA:153,7
DA:156,16
DA:157,16
DA:158,16
DA:159,16
DA:164,16
DA:165,16
DA:166,16
DA:168,16
DA:180,2
DA:182,16
DA:185,16
DA:188,16
DA:194,2
DA:195,52
DA:198,52
DA:205,52
DA:206,124
DA:207,124
DA:208,124
DA:209,45
DA:213,7
DA:219,2
DA:220,19
DA:221,19
DA:223,19
DA:224,19
DA:226,19
DA:232,2
DA:233,5
DA:234,5
DA:236,5
DA:237,5
DA:239,5
DA:245,2
DA:246,7
DA:247,7
DA:249,7
DA:255,2
DA:256,3
DA:262,2
DA:263,1
DA:269,2
DA:270,0
DA:272,2
LF:107
LH:103
BRDA:26,0,0,13
BRDA:36,1,0,9
BRDA:36,1,1,14
BRDA:56,2,0,1
BRDA:56,2,1,20
BRDA:56,2,2,2
BRDA:56,2,3,0
BRDA:87,3,0,1
BRDA:87,3,1,15
BRDA:87,4,0,14
BRDA:87,4,1,1
BRDA:100,5,0,19
BRDA:100,5,1,10
BRDA:100,5,2,7
BRDA:100,5,3,16
BRDA:102,6,0,19
BRDA:107,7,0,19
BRDA:129,8,0,5
BRDA:129,8,1,2
BRDA:129,9,0,7
BRDA:129,9,1,5
BRDA:139,10,0,2
BRDA:148,11,0,0
BRDA:165,12,0,1
BRDA:165,12,1,15
BRDA:165,13,0,14
BRDA:165,13,1,1
BRDA:182,14,0,1
BRDA:182,14,1,15
BRDA:182,15,0,14
BRDA:182,15,1,1
BRDA:199,16,0,51
BRDA:199,16,1,1
BRDA:201,17,0,8
BRDA:201,17,1,44
BRDA:202,18,0,50
BRDA:202,18,1,2
BRDA:208,19,0,45
BRDA:247,20,0,1
BRDA:247,20,1,6
BRDA:247,21,0,5
BRDA:247,21,1,1
BRF:42
BRH:40
end_of_record
TN:
SF:src/terminal-game/card-data.ts
FN:448,getCardById
FN:449,(anonymous_2)
FN:455,getCardsByType
FN:456,(anonymous_4)
FN:463,createStarterDeck
FN:500,(anonymous_6)
FN:517,shuffleDeck
FN:530,(anonymous_8)
FNF:8
FNH:6
FNDA:452,getCardById
FNDA:5790,(anonymous_2)
FNDA:0,getCardsByType
FNDA:0,(anonymous_4)
FNDA:15,createStarterDeck
FNDA:450,(anonymous_6)
FNDA:17,shuffleDeck
FNDA:435,(anonymous_8)
DA:6,2
DA:89,2
DA:127,2
DA:175,2
DA:448,2
DA:449,5790
DA:455,2
DA:456,0
DA:463,2
DA:465,15
DA:500,15
DA:501,450
DA:502,450
DA:503,0
DA:505,450
DA:509,15
DA:517,2
DA:518,17
DA:523,17
DA:525,15
DA:526,15
DA:527,15
DA:528,15
DA:530,15
DA:531,435
DA:532,435
DA:535,2
DA:539,17
DA:540,463
DA:541,463
DA:544,17
LF:31
LH:29
BRDA:502,0,0,0
BRDA:523,1,0,15
BRDA:523,1,1,2
BRF:3
BRH:2
end_of_record
TN:
SF:src/terminal-game/command-docs.ts
FNF:0
FNH:0
DA:13,0
DA:30,0
LF:2
LH:0
BRF:0
BRH:0
end_of_record
TN:
SF:src/terminal-game/console-renderer.ts
FN:36,(anonymous_0)
FN:59,ConsoleRenderer
FN:67,(anonymous_2)
FN:111,(anonymous_3)
FN:124,(anonymous_4)
FN:180,(anonymous_5)
FN:188,(anonymous_6)
FN:196,(anonymous_7)
FN:204,(anonymous_8)
FN:212,(anonymous_9)
FN:232,(anonymous_10)
FN:248,(anonymous_11)
FN:307,(anonymous_12)
FN:319,(anonymous_13)
FN:357,(anonymous_14)
FN:366,(anonymous_15)
FN:374,(anonymous_16)
FN:382,(anonymous_17)
FN:390,(anonymous_18)
FN:398,(anonymous_19)
FN:405,(anonymous_20)
FN:418,(anonymous_21)
FN:425,(anonymous_22)
FN:441,(anonymous_23)
FN:449,(anonymous_24)
FN:466,(anonymous_25)
FN:468,(anonymous_26)
FN:478,(anonymous_27)
FN:492,(anonymous_28)
FN:499,(anonymous_29)
FNF:30
FNH:3
FNDA:2,(anonymous_0)
FNDA:14,ConsoleRenderer
FNDA:14,(anonymous_2)
FNDA:0,(anonymous_3)
FNDA:0,(anonymous_4)
FNDA:0,(anonymous_5)
FNDA:0,(anonymous_6)
FNDA:0,(anonymous_7)
FNDA:0,(anonymous_8)
FNDA:0,(anonymous_9)
FNDA:0,(anonymous_10)
FNDA:0,(anonymous_11)
FNDA:0,(anonymous_12)
FNDA:0,(anonymous_13)
FNDA:0,(anonymous_14)
FNDA:0,(anonymous_15)
FNDA:0,(anonymous_16)
FNDA:0,(anonymous_17)
FNDA:0,(anonymous_18)
FNDA:0,(anonymous_19)
FNDA:0,(anonymous_20)
FNDA:0,(anonymous_21)
FNDA:0,(anonymous_22)
FNDA:0,(anonymous_23)
FNDA:0,(anonymous_24)
FNDA:0,(anonymous_25)
FNDA:0,(anonymous_26)
FNDA:0,(anonymous_27)
FNDA:0,(anonymous_28)
FNDA:0,(anonymous_29)
DA:6,2
DA:36,2
DA:37,14
DA:38,14
DA:61,14
DA:67,14
DA:69,14
DA:73,14
DA:74,14
DA:75,14
DA:78,14
DA:79,14
DA:80,14
DA:81,14
DA:82,14
DA:83,14
DA:84,14
DA:85,14
DA:86,14
DA:87,14
DA:88,14
DA:89,14
DA:90,14
DA:93,14
DA:94,14
DA:95,14
DA:96,14
DA:97,14
DA:98,14
DA:99,14
DA:100,14
DA:101,14
DA:102,14
DA:103,14
DA:104,14
DA:105,14
DA:106,14
DA:107,14
DA:108,14
DA:111,14
DA:113,14
DA:114,14
DA:124,2
DA:125,0
DA:127,0
DA:128,0
DA:129,0
DA:130,0
DA:131,0
DA:132,0
DA:133,0
DA:134,0
DA:135,0
DA:136,0
DA:137,0
DA:140,0
DA:141,0
DA:142,0
DA:143,0
DA:144,0
DA:145,0
DA:146,0
DA:149,0
DA:150,0
DA:151,0
DA:152,0
DA:153,0
DA:154,0
DA:155,0
DA:158,0
DA:176,0
DA:177,0
DA:178,0
DA:179,0
DA:180,0
DA:181,0
DA:184,0
DA:185,0
DA:186,0
DA:187,0
DA:188,0
DA:189,0
DA:190,0
DA:193,0
DA:194,0
DA:195,0
DA:196,0
DA:197,0
DA:200,0
DA:201,0
DA:202,0
DA:203,0
DA:204,0
DA:206,0
DA:207,0
DA:208,0
DA:211,0
DA:212,0
DA:213,0
DA:214,0
DA:219,0
DA:220,0
DA:224,0
DA:225,0
DA:226,0
DA:227,0
DA:228,0
DA:229,0
DA:232,0
DA:233,0
DA:234,0
DA:238,0
DA:248,2
DA:250,0
DA:251,0
DA:252,0
DA:253,0
DA:254,0
DA:255,0
DA:256,0
DA:257,0
DA:258,0
DA:259,0
DA:260,0
DA:261,0
DA:262,0
DA:263,0
DA:266,0
DA:267,0
DA:268,0
DA:269,0
DA:270,0
DA:271,0
DA:272,0
DA:273,0
DA:274,0
DA:275,0
DA:276,0
DA:277,0
DA:278,0
DA:279,0
DA:280,0
DA:282,0
DA:283,0
DA:286,0
DA:303,0
DA:304,0
DA:307,0
DA:308,0
DA:309,0
DA:310,0
DA:312,0
DA:316,0
DA:319,0
DA:320,0
DA:321,0
DA:323,0
DA:324,0
DA:325,0
DA:327,0
DA:330,0
DA:333,0
DA:336,0
DA:339,0
DA:340,0
DA:344,0
DA:345,0
DA:346,0
DA:347,0
DA:348,0
DA:351,0
DA:357,2
DA:358,0
DA:366,2
DA:367,0
DA:374,2
DA:375,0
DA:382,2
DA:383,0
DA:390,2
DA:391,0
DA:398,2
DA:399,0
DA:400,0
DA:401,0
DA:404,0
DA:405,0
DA:406,0
DA:410,0
DA:418,2
DA:419,0
DA:420,0
DA:421,0
DA:424,0
DA:425,0
DA:426,0
DA:430,0
DA:431,0
DA:441,2
DA:442,0
DA:449,2
DA:455,0
DA:456,0
DA:457,0
DA:458,0
DA:459,0
DA:466,2
DA:467,0
DA:468,0
DA:469,0
DA:470,0
DA:478,2
DA:483,0
DA:484,0
DA:485,0
DA:486,0
DA:492,2
DA:493,0
DA:499,2
DA:500,0
DA:502,0
DA:504,0
DA:506,0
DA:508,0
DA:510,0
DA:512,0
DA:514,0
DA:516,2
LF:228
LH:58
BRDA:74,0,0,14
BRDA:207,1,0,0
BRDA:213,2,0,0
BRDA:233,3,0,0
BRDA:320,4,0,0
BRDA:320,5,0,0
BRDA:320,5,1,0
BRDA:321,6,0,0
BRDA:366,7,0,0
BRDA:399,8,0,0
BRDA:410,9,0,0
BRDA:410,9,1,0
BRDA:419,10,0,0
BRDA:430,11,0,0
BRF:14
BRH:1
end_of_record
TN:
SF:src/terminal-game/game-phases.ts
FN:4,(anonymous_0)
FNF:1
FNH:1
FNDA:3,(anonymous_0)
DA:4,3
DA:5,3
DA:6,3
DA:7,3
DA:8,3
DA:9,3
DA:10,3
LF:7
LH:7
BRDA:4,0,0,3
BRDA:4,0,1,3
BRF:2
BRH:2
end_of_record
TN:
SF:src/terminal-game/terminal-game.ts
FN:82,(anonymous_2)
FN:134,TerminalGame
FN:161,(anonymous_4)
FN:190,(anonymous_5)
FN:200,(anonymous_6)
FN:210,(anonymous_7)
FN:237,(anonymous_8)
FN:248,(anonymous_9)
FN:260,(anonymous_10)
FN:267,(anonymous_11)
FN:298,(anonymous_12)
FN:300,(anonymous_13)
FN:326,(anonymous_14)
FN:356,(anonymous_15)
FN:363,(anonymous_16)
FN:378,(anonymous_17)
FN:408,(anonymous_18)
FN:418,(anonymous_19)
FN:435,(anonymous_20)
FN:450,(anonymous_21)
FN:469,(anonymous_22)
FN:487,(anonymous_23)
FN:500,(anonymous_24)
FN:531,(anonymous_25)
FN:544,(anonymous_26)
FN:625,(anonymous_27)
FN:683,(anonymous_28)
FN:705,(anonymous_29)
FN:712,(anonymous_30)
FN:722,(anonymous_31)
FN:733,(anonymous_32)
FN:745,(anonymous_33)
FN:785,(anonymous_34)
FN:810,(anonymous_35)
FN:822,(anonymous_36)
FN:830,(anonymous_37)
FN:844,(anonymous_38)
FN:851,(anonymous_39)
FN:854,(anonymous_40)
FN:863,(anonymous_41)
FN:878,(anonymous_42)
FN:924,(anonymous_43)
FNF:42
FNH:25
FNDA:1,(anonymous_2)
FNDA:13,TerminalGame
FNDA:12,(anonymous_4)
FNDA:12,(anonymous_5)
FNDA:3,(anonymous_6)
FNDA:12,(anonymous_7)
FNDA:12,(anonymous_8)
FNDA:12,(anonymous_9)
FNDA:12,(anonymous_10)
FNDA:12,(anonymous_11)
FNDA:12,(anonymous_12)
FNDA:0,(anonymous_13)
FNDA:20,(anonymous_14)
FNDA:20,(anonymous_15)
FNDA:6,(anonymous_16)
FNDA:23,(anonymous_17)
FNDA:3,(anonymous_18)
FNDA:16,(anonymous_19)
FNDA:12,(anonymous_20)
FNDA:12,(anonymous_21)
FNDA:0,(anonymous_22)
FNDA:0,(anonymous_23)
FNDA:1,(anonymous_24)
FNDA:0,(anonymous_25)
FNDA:3,(anonymous_26)
FNDA:2,(anonymous_27)
FNDA:1,(anonymous_28)
FNDA:2,(anonymous_29)
FNDA:3,(anonymous_30)
FNDA:0,(anonymous_31)
FNDA:0,(anonymous_32)
FNDA:0,(anonymous_33)
FNDA:0,(anonymous_34)
FNDA:0,(anonymous_35)
FNDA:0,(anonymous_36)
FNDA:0,(anonymous_37)
FNDA:0,(anonymous_38)
FNDA:0,(anonymous_39)
FNDA:0,(anonymous_40)
FNDA:0,(anonymous_41)
FNDA:0,(anonymous_42)
FNDA:0,(anonymous_43)
DA:5,1
DA:6,1
DA:7,1
DA:8,1
DA:12,1
DA:30,1
DA:82,1
DA:88,13
DA:89,13
DA:90,13
DA:91,13
DA:92,13
DA:95,13
DA:96,13
DA:97,13
DA:98,13
DA:99,13
DA:102,13
DA:103,13
DA:104,13
DA:105,13
DA:106,13
DA:107,13
DA:108,13
DA:111,13
DA:112,13
DA:113,13
DA:114,13
DA:117,13
DA:118,13
DA:119,13
DA:122,13
DA:123,13
DA:126,13
DA:129,13
DA:134,13
DA:136,13
DA:137,13
DA:140,13
DA:161,1
DA:163,12
DA:166,12
DA:169,12
DA:172,12
DA:173,12
DA:176,12
DA:177,12
DA:180,12
DA:181,12
DA:184,12
DA:190,1
DA:191,12
DA:200,1
DA:202,3
DA:203,3
DA:204,3
DA:210,1
DA:212,12
DA:237,1
DA:239,12
DA:242,12
DA:248,1
DA:249,12
DA:250,12
DA:251,60
DA:252,60
DA:260,1
DA:261,12
DA:267,1
DA:269,12
DA:270,0
DA:274,12
DA:277,12
DA:280,12
DA:283,12
DA:286,12
DA:289,12
DA:292,12
DA:298,24
DA:300,12
DA:301,0
DA:302,0
DA:304,0
DA:305,0
DA:306,0
DA:308,0
DA:310,0
DA:311,0
DA:313,0
DA:314,0
DA:316,0
DA:317,0
DA:326,1
DA:328,20
DA:329,20
DA:332,20
DA:335,20
DA:337,19
DA:338,1
DA:340,1
DA:341,1
DA:345,20
DA:348,20
DA:349,20
DA:356,1
DA:357,20
DA:358,20
DA:359,20
DA:360,20
DA:363,20
DA:364,6
DA:365,1
DA:366,1
DA:367,1
DA:369,5
DA:372,20
DA:378,1
DA:380,23
DA:381,1
DA:382,1
DA:383,1
DA:384,22
DA:385,1
DA:386,1
DA:387,1
DA:391,23
DA:392,1
DA:393,1
DA:394,1
DA:398,23
DA:399,0
DA:400,0
DA:401,0
DA:408,1
DA:409,3
DA:410,3
DA:411,3
DA:412,3
DA:418,1
DA:419,16
DA:429,16
DA:435,1
DA:436,12
DA:437,0
DA:438,12
DA:439,0
DA:440,0
DA:441,0
DA:442,0
DA:443,0
DA:450,1
DA:451,12
DA:453,0
DA:454,0
DA:455,0
DA:456,0
DA:458,0
DA:462,12
DA:469,1
DA:470,0
DA:471,0
DA:472,0
DA:473,0
DA:476,0
DA:477,0
DA:479,0
DA:481,0
DA:482,0
DA:483,0
DA:484,0
DA:485,0
DA:486,0
DA:487,0
DA:488,0
DA:490,0
DA:491,0
DA:493,0
DA:500,1
DA:501,1
DA:502,0
DA:503,0
DA:506,1
DA:507,0
DA:508,0
DA:511,1
DA:512,0
DA:513,0
DA:517,1
DA:518,1
DA:519,1
DA:520,1
DA:521,1
DA:524,1
DA:531,1
DA:532,0
DA:533,0
DA:534,0
DA:538,0
DA:544,1
DA:545,3
DA:546,0
DA:547,0
DA:550,3
DA:551,0
DA:552,0
DA:555,3
DA:556,0
DA:557,0
DA:560,3
DA:561,3
DA:562,0
DA:563,0
DA:566,3
DA:569,3
DA:570,1
DA:571,1
DA:575,2
DA:576,0
DA:577,0
DA:581,2
DA:587,2
DA:588,2
DA:591,2
DA:592,2
DA:594,2
DA:595,1
DA:598,2
DA:600,1
DA:601,0
DA:602,0
DA:603,1
DA:604,0
DA:605,0
DA:608,0
DA:609,0
DA:610,0
DA:612,1
DA:613,0
DA:614,0
DA:618,2
DA:619,2
DA:625,1
DA:626,2
DA:627,0
DA:628,0
DA:631,2
DA:632,0
DA:633,0
DA:636,2
DA:637,0
DA:638,0
DA:641,2
DA:642,2
DA:643,1
DA:644,1
DA:648,1
DA:658,1
DA:661,1
DA:662,0
DA:666,1
DA:669,1
DA:672,1
DA:673,1
DA:674,1
DA:677,1
DA:683,1
DA:685,1
DA:686,1
DA:687,0
DA:688,0
DA:689,0
DA:693,1
DA:696,1
DA:699,1
DA:701,1
DA:702,1
DA:705,1
DA:706,2
DA:710,1
DA:712,1
DA:713,3
DA:718,1
DA:722,1
DA:723,0
DA:726,0
DA:733,1
DA:734,0
DA:735,0
DA:736,0
DA:737,0
DA:738,0
DA:739,0
DA:745,1
DA:746,0
DA:747,0
DA:748,0
DA:751,0
DA:752,0
DA:753,0
DA:754,0
DA:758,0
DA:759,0
DA:760,0
DA:761,0
DA:763,0
DA:767,0
DA:768,0
DA:771,0
DA:772,0
DA:773,0
DA:775,0
DA:779,0
DA:785,1
DA:787,0
DA:790,0
DA:791,0
DA:792,0
DA:794,0
DA:795,0
DA:798,0
DA:804,0
DA:810,1
DA:811,0
DA:812,0
DA:813,0
DA:816,0
DA:822,1
DA:823,0
DA:824,0
DA:827,0
DA:830,0
DA:831,0
DA:832,0
DA:833,0
DA:834,0
DA:838,0
DA:844,1
DA:845,0
DA:846,0
DA:847,0
DA:848,0
DA:851,0
DA:852,0
DA:853,0
DA:854,0
DA:855,0
DA:863,1
DA:864,0
DA:865,0
DA:866,0
DA:870,0
DA:871,0
DA:872,0
DA:878,1
DA:879,0
DA:924,1
DA:925,0
DA:927,1
LF:358
LH:209
BRDA:134,0,0,0
BRDA:251,1,0,60
BRDA:269,2,0,0
BRDA:298,3,0,12
BRDA:301,4,0,0
BRDA:301,4,1,0
BRDA:301,5,0,0
BRDA:301,5,1,0
BRDA:302,6,0,0
BRDA:302,6,1,0
BRDA:304,7,0,0
BRDA:308,8,0,0
BRDA:313,9,0,0
BRDA:313,10,0,0
BRDA:313,10,1,0
BRDA:314,11,0,0
BRDA:314,12,0,0
BRDA:314,12,1,0
BRDA:335,13,0,19
BRDA:335,13,1,1
BRDA:335,14,0,20
BRDA:335,14,1,20
BRDA:338,15,0,1
BRDA:348,16,0,20
BRDA:358,17,0,0
BRDA:358,17,1,20
BRDA:358,18,0,20
BRDA:358,18,1,20
BRDA:364,19,0,1
BRDA:366,20,0,1
BRDA:366,20,1,0
BRDA:380,21,0,1
BRDA:380,21,1,22
BRDA:384,22,0,1
BRDA:391,23,0,1
BRDA:391,24,0,23
BRDA:391,24,1,1
BRDA:398,25,0,0
BRDA:409,26,0,1
BRDA:409,26,1,2
BRDA:436,27,0,0
BRDA:436,27,1,12
BRDA:436,27,2,0
BRDA:436,27,3,0
BRDA:436,27,4,0
BRDA:436,27,5,0
BRDA:436,27,6,0
BRDA:451,28,0,0
BRDA:451,28,1,12
BRDA:454,29,0,0
BRDA:454,29,1,0
BRDA:470,30,0,0
BRDA:479,31,0,0
BRDA:479,31,1,0
BRDA:501,32,0,0
BRDA:506,33,0,0
BRDA:511,34,0,0
BRDA:518,35,0,1
BRDA:532,36,0,0
BRDA:545,37,0,0
BRDA:550,38,0,0
BRDA:555,39,0,0
BRDA:561,40,0,0
BRDA:561,41,0,3
BRDA:561,41,1,3
BRDA:561,41,2,3
BRDA:569,42,0,1
BRDA:575,43,0,0
BRDA:575,44,0,2
BRDA:575,44,1,1
BRDA:575,44,2,1
BRDA:594,45,0,1
BRDA:594,46,0,2
BRDA:594,46,1,1
BRDA:598,47,0,1
BRDA:600,48,0,0
BRDA:600,48,1,1
BRDA:603,49,0,0
BRDA:603,49,1,1
BRDA:608,50,0,0
BRDA:612,51,0,0
BRDA:626,52,0,0
BRDA:631,53,0,0
BRDA:636,54,0,0
BRDA:642,55,0,1
BRDA:661,56,0,0
BRDA:672,57,0,1
BRDA:686,58,0,0
BRDA:701,59,0,1
BRDA:710,60,0,1
BRDA:746,61,0,0
BRDA:752,62,0,0
BRDA:752,63,0,0
BRDA:752,63,1,0
BRDA:752,63,2,0
BRDA:758,64,0,0
BRDA:759,65,0,0
BRDA:771,66,0,0
BRDA:773,67,0,0
BRDA:787,68,0,0
BRDA:787,68,1,0
BRDA:791,69,0,0
BRDA:794,70,0,0
BRDA:811,71,0,0
BRDA:831,72,0,0
BRDA:831,72,1,0
BRDA:831,73,0,0
BRDA:831,73,1,0
BRDA:833,74,0,0
BRDA:833,75,0,0
BRDA:833,75,1,0
BRDA:851,76,0,0
BRDA:851,76,1,0
BRDA:852,77,0,0
BRDA:864,78,0,0
BRDA:864,79,0,0
BRDA:864,79,1,0
BRF:117
BRH:41
end_of_record
